#-----------------------------------------------------------
# Webtalk v2018.3 (64-bit)
# SW Build 2405991 on Thu Dec  6 23:36:41 MST 2018
# 
# Start of session at: Tue Mar 12 13:40:10 2019
# Process ID: 18031
# Current directory: /home/jesterhead1924/Documents/embedded_systems/Labs/vivado-projects/lab2_interrupt/lab2_interrupt.sdk/webtalk
# Command line: wbtcv -mode batch -source sdk_webtalk.tcl
# Log file: /home/jesterhead1924/Documents/embedded_systems/Labs/vivado-projects/lab2_interrupt/lab2_interrupt.sdk/webtalk/webtalk.log
# Journal file: /home/jesterhead1924/Documents/embedded_systems/Labs/vivado-projects/lab2_interrupt/lab2_interrupt.sdk/webtalk/webtalk.jou
#-----------------------------------------------------------
source sdk_webtalk.tcl
# webtalk_init -webtalk_dir /home/jesterhead1924/Documents/embedded_systems/Labs/vivado-projects/lab2_interrupt/lab2_interrupt.sdk/webtalk
# webtalk_register_client -client project
# webtalk_add_data -client project -key date_generated -value "2019-03-12 13:40:08" -context "software_version_and_target_device"
# webtalk_add_data -client project -key product_version -value "SDK v2018.3" -context "software_version_and_target_device"
# webtalk_add_data -client project -key build_version -value "2018.3" -context "software_version_and_target_device"
# webtalk_add_data -client project -key os_platform -value "amd64" -context "software_version_and_target_device"
# webtalk_add_data -client project -key registration_id -value "211605148_0_0_436" -context "software_version_and_target_device"
# webtalk_add_data -client project -key tool_flow -value "SDK" -context "software_version_and_target_device"
# webtalk_add_data -client project -key beta -value "false" -context "software_version_and_target_device"
# webtalk_add_data -client project -key route_design -value "NA" -context "software_version_and_target_device"
# webtalk_add_data -client project -key target_family -value "NA" -context "software_version_and_target_device"
# webtalk_add_data -client project -key target_device -value "NA" -context "software_version_and_target_device"
# webtalk_add_data -client project -key target_package -value "NA" -context "software_version_and_target_device"
# webtalk_add_data -client project -key target_speed -value "NA" -context "software_version_and_target_device"
# webtalk_add_data -client project -key random_id -value "vi0l3vvqi3fqgpdtv78130qlkm" -context "software_version_and_target_device"
# webtalk_add_data -client project -key project_id -value "2018.3_3" -context "software_version_and_target_device"
# webtalk_add_data -client project -key project_iteration -value "3" -context "software_version_and_target_device"
# webtalk_add_data -client project -key os_name -value "Fedora" -context "user_environment"
# webtalk_add_data -client project -key os_release -value "Fedora release 29 (Twenty Nine)" -context "user_environment"
# webtalk_add_data -client project -key cpu_name -value "Intel(R) Core(TM) i7-8550U CPU @ 1.80GHz" -context "user_environment"
# webtalk_add_data -client project -key cpu_speed -value "1827.894 MHz" -context "user_environment"
# webtalk_add_data -client project -key total_processors -value "1" -context "user_environment"
# webtalk_add_data -client project -key system_ram -value "12.361 GB" -context "user_environment"
# webtalk_register_client -client sdk
# webtalk_add_data -client sdk -key uid -value "1552376870000" -context "sdk\\\\bsp/1552376870000"
# webtalk_add_data -client sdk -key hwid -value "1552047342000" -context "sdk\\\\bsp/1552376870000"
# webtalk_add_data -client sdk -key os -value "standalone" -context "sdk\\\\bsp/1552376870000"
# webtalk_add_data -client sdk -key apptemplate -value "empty_application" -context "sdk\\\\bsp/1552376870000"
# webtalk_add_data -client sdk -key RecordType -value "BSPCreation" -context "sdk\\\\bsp/1552376870000"
# webtalk_add_data -client sdk -key uid -value "1552376873000" -context "sdk\\\\application/1552376873000"
# webtalk_add_data -client sdk -key hwid -value "1552047342000" -context "sdk\\\\application/1552376873000"
# webtalk_add_data -client sdk -key bspid -value "1552376870000" -context "sdk\\\\application/1552376873000"
# webtalk_add_data -client sdk -key newbsp -value "true" -context "sdk\\\\application/1552376873000"
# webtalk_add_data -client sdk -key os -value "standalone" -context "sdk\\\\application/1552376873000"
# webtalk_add_data -client sdk -key apptemplate -value "empty_application" -context "sdk\\\\application/1552376873000"
# webtalk_add_data -client sdk -key RecordType -value "APPCreation" -context "sdk\\\\application/1552376873000"
# webtalk_add_data -client sdk -key LangUsed -value "C" -context "sdk\\\\application/1552376873000"
# webtalk_add_data -client sdk -key Procused -value "ps7_cortexa9" -context "sdk\\\\application/1552376873000"
# webtalk_add_data -client sdk -key uid -value "1552379433000" -context "sdk\\\\bsp/1552379433000"
# webtalk_add_data -client sdk -key hwid -value "1552047342000" -context "sdk\\\\bsp/1552379433000"
# webtalk_add_data -client sdk -key os -value "standalone" -context "sdk\\\\bsp/1552379433000"
# webtalk_add_data -client sdk -key apptemplate -value "null" -context "sdk\\\\bsp/1552379433000"
# webtalk_add_data -client sdk -key RecordType -value "BSPCreation" -context "sdk\\\\bsp/1552379433000"
# webtalk_add_data -client sdk -key uid -value "1552379502000" -context "sdk\\\\bsp/1552379502000"
# webtalk_add_data -client sdk -key hwid -value "1552047342000" -context "sdk\\\\bsp/1552379502000"
# webtalk_add_data -client sdk -key os -value "standalone" -context "sdk\\\\bsp/1552379502000"
# webtalk_add_data -client sdk -key apptemplate -value "empty_application" -context "sdk\\\\bsp/1552379502000"
# webtalk_add_data -client sdk -key RecordType -value "BSPCreation" -context "sdk\\\\bsp/1552379502000"
# webtalk_add_data -client sdk -key uid -value "1552379502000" -context "sdk\\\\application/1552379502000"
# webtalk_add_data -client sdk -key hwid -value "1552047342000" -context "sdk\\\\application/1552379502000"
# webtalk_add_data -client sdk -key bspid -value "1552379502000" -context "sdk\\\\application/1552379502000"
# webtalk_add_data -client sdk -key newbsp -value "true" -context "sdk\\\\application/1552379502000"
# webtalk_add_data -client sdk -key os -value "standalone" -context "sdk\\\\application/1552379502000"
# webtalk_add_data -client sdk -key apptemplate -value "empty_application" -context "sdk\\\\application/1552379502000"
# webtalk_add_data -client sdk -key RecordType -value "APPCreation" -context "sdk\\\\application/1552379502000"
# webtalk_add_data -client sdk -key LangUsed -value "C" -context "sdk\\\\application/1552379502000"
# webtalk_add_data -client sdk -key Procused -value "ps7_cortexa9" -context "sdk\\\\application/1552379502000"
# webtalk_add_data -client sdk -key uid -value "1552380225000" -context "sdk\\\\hardware/1552380225000"
# webtalk_add_data -client sdk -key isZynq -value "true" -context "sdk\\\\hardware/1552380225000"
# webtalk_add_data -client sdk -key isZynqMP -value "false" -context "sdk\\\\hardware/1552380225000"
# webtalk_add_data -client sdk -key Processors -value "2" -context "sdk\\\\hardware/1552380225000"
# webtalk_add_data -client sdk -key VivadoVersion -value "2018.3" -context "sdk\\\\hardware/1552380225000"
# webtalk_add_data -client sdk -key Arch -value "zynq" -context "sdk\\\\hardware/1552380225000"
# webtalk_add_data -client sdk -key Device -value "7z020" -context "sdk\\\\hardware/1552380225000"
# webtalk_add_data -client sdk -key IsHandoff -value "true" -context "sdk\\\\hardware/1552380225000"
# webtalk_add_data -client sdk -key os -value "NA" -context "sdk\\\\hardware/1552380225000"
# webtalk_add_data -client sdk -key apptemplate -value "NA" -context "sdk\\\\hardware/1552380225000"
# webtalk_add_data -client sdk -key RecordType -value "HWCreation" -context "sdk\\\\hardware/1552380225000"
# webtalk_add_data -client sdk -key uid -value "1552380280000" -context "sdk\\\\bsp/1552380280000"
# webtalk_add_data -client sdk -key hwid -value "1552380225000" -context "sdk\\\\bsp/1552380280000"
# webtalk_add_data -client sdk -key os -value "standalone" -context "sdk\\\\bsp/1552380280000"
# webtalk_add_data -client sdk -key apptemplate -value "null" -context "sdk\\\\bsp/1552380280000"
# webtalk_add_data -client sdk -key RecordType -value "BSPCreation" -context "sdk\\\\bsp/1552380280000"
# webtalk_add_data -client sdk -key uid -value "1552380319000" -context "sdk\\\\bsp/1552380319000"
# webtalk_add_data -client sdk -key hwid -value "1552380225000" -context "sdk\\\\bsp/1552380319000"
# webtalk_add_data -client sdk -key os -value "standalone" -context "sdk\\\\bsp/1552380319000"
# webtalk_add_data -client sdk -key apptemplate -value "empty_application" -context "sdk\\\\bsp/1552380319000"
# webtalk_add_data -client sdk -key RecordType -value "BSPCreation" -context "sdk\\\\bsp/1552380319000"
# webtalk_add_data -client sdk -key projSize -value "267.12890625" -context "sdk\\\\bsp/1552380319000"
# webtalk_add_data -client sdk -key uid -value "1552380319000" -context "sdk\\\\application/1552380319000"
# webtalk_add_data -client sdk -key hwid -value "1552380225000" -context "sdk\\\\application/1552380319000"
# webtalk_add_data -client sdk -key bspid -value "1552380319000" -context "sdk\\\\application/1552380319000"
# webtalk_add_data -client sdk -key newbsp -value "true" -context "sdk\\\\application/1552380319000"
# webtalk_add_data -client sdk -key os -value "standalone" -context "sdk\\\\application/1552380319000"
# webtalk_add_data -client sdk -key apptemplate -value "empty_application" -context "sdk\\\\application/1552380319000"
# webtalk_add_data -client sdk -key RecordType -value "APPCreation" -context "sdk\\\\application/1552380319000"
# webtalk_add_data -client sdk -key LangUsed -value "C" -context "sdk\\\\application/1552380319000"
# webtalk_add_data -client sdk -key Procused -value "ps7_cortexa9" -context "sdk\\\\application/1552380319000"
# webtalk_add_data -client sdk -key projSize -value "267.12890625" -context "sdk\\\\application/1552380319000"
# webtalk_add_data -client sdk -key uid -value "NA" -context "sdk\\\\bsp/1552390808265"
# webtalk_add_data -client sdk -key RecordType -value "ToolUsage" -context "sdk\\\\bsp/1552390808265"
# webtalk_add_data -client sdk -key BootgenCount -value "0" -context "sdk\\\\bsp/1552390808265"
# webtalk_add_data -client sdk -key DebugCount -value "16" -context "sdk\\\\bsp/1552390808265"
# webtalk_add_data -client sdk -key PerfCount -value "0" -context "sdk\\\\bsp/1552390808265"
# webtalk_add_data -client sdk -key FlashCount -value "0" -context "sdk\\\\bsp/1552390808265"
# webtalk_add_data -client sdk -key CrossTriggCount -value "0" -context "sdk\\\\bsp/1552390808265"
# webtalk_add_data -client sdk -key QemuDebugCount -value "0" -context "sdk\\\\bsp/1552390808265"
# webtalk_transmit -clientid 3541514328 -regid "211605148_0_0_436" -xml /home/jesterhead1924/Documents/embedded_systems/Labs/vivado-projects/lab2_interrupt/lab2_interrupt.sdk/webtalk/usage_statistics_ext_sdk.xml -html /home/jesterhead1924/Documents/embedded_systems/Labs/vivado-projects/lab2_interrupt/lab2_interrupt.sdk/webtalk/usage_statistics_ext_sdk.html -wdm /home/jesterhead1924/Documents/embedded_systems/Labs/vivado-projects/lab2_interrupt/lab2_interrupt.sdk/webtalk/sdk_webtalk.wdm -intro "<H3>SDK Usage Report</H3><BR>"
# webtalk_terminate
INFO: [Common 17-206] Exiting Webtalk at Tue Mar 12 13:40:10 2019...
