
*** Running vivado
    with args -log arm_wrapper.vdi -applog -m64 -product Vivado -messageDb vivado.pb -mode batch -source arm_wrapper.tcl -notrace


****** Vivado v2018.3 (64-bit)
  **** SW Build 2405991 on Thu Dec  6 23:36:41 MST 2018
  **** IP Build 2404404 on Fri Dec  7 01:43:56 MST 2018
    ** Copyright 1986-2018 Xilinx, Inc. All Rights Reserved.

source arm_wrapper.tcl -notrace
INFO: [IP_Flow 19-234] Refreshing IP repositories
INFO: [IP_Flow 19-1704] No user IP repositories specified
INFO: [IP_Flow 19-2313] Loaded Vivado IP repository '/home/jesterhead1924/Documents/Xilinx/Vivado_Directories/Vivado/2018.3/data/ip'.
Command: link_design -top arm_wrapper -part xc7z020clg484-1
Design is defaulting to srcset: sources_1
Design is defaulting to constrset: constrs_1
INFO: [Project 1-454] Reading design checkpoint '/home/jesterhead1924/Documents/embedded_systems/Labs/vivado-projects/lab2_interrupt/lab2_interrupt.srcs/sources_1/bd/arm/ip/arm_axi_gpio_0_1/arm_axi_gpio_0_1.dcp' for cell 'arm_i/btns_5bit'
INFO: [Project 1-454] Reading design checkpoint '/home/jesterhead1924/Documents/embedded_systems/Labs/vivado-projects/lab2_interrupt/lab2_interrupt.srcs/sources_1/bd/arm/ip/arm_processing_system7_0_0/arm_processing_system7_0_0.dcp' for cell 'arm_i/processing_system7_0'
INFO: [Project 1-454] Reading design checkpoint '/home/jesterhead1924/Documents/embedded_systems/Labs/vivado-projects/lab2_interrupt/lab2_interrupt.srcs/sources_1/bd/arm/ip/arm_rst_ps7_0_100M_0/arm_rst_ps7_0_100M_0.dcp' for cell 'arm_i/rst_ps7_0_100M'
INFO: [Project 1-454] Reading design checkpoint '/home/jesterhead1924/Documents/embedded_systems/Labs/vivado-projects/lab2_interrupt/lab2_interrupt.srcs/sources_1/bd/arm/ip/arm_axi_gpio_0_0/arm_axi_gpio_0_0.dcp' for cell 'arm_i/sw_8bit'
INFO: [Project 1-454] Reading design checkpoint '/home/jesterhead1924/Documents/embedded_systems/Labs/vivado-projects/lab2_interrupt/lab2_interrupt.srcs/sources_1/bd/arm/ip/arm_xbar_0/arm_xbar_0.dcp' for cell 'arm_i/ps7_0_axi_periph/xbar'
INFO: [Project 1-454] Reading design checkpoint '/home/jesterhead1924/Documents/embedded_systems/Labs/vivado-projects/lab2_interrupt/lab2_interrupt.srcs/sources_1/bd/arm/ip/arm_auto_pc_0/arm_auto_pc_0.dcp' for cell 'arm_i/ps7_0_axi_periph/s00_couplers/auto_pc'
INFO: [Netlist 29-17] Analyzing 18 Unisim elements for replacement
INFO: [Netlist 29-28] Unisim Transformation completed in 0 CPU seconds
INFO: [Project 1-479] Netlist was created with Vivado 2018.3
INFO: [Device 21-403] Loading part xc7z020clg484-1
INFO: [Project 1-570] Preparing netlist for logic optimization
Parsing XDC File [/home/jesterhead1924/Documents/embedded_systems/Labs/vivado-projects/lab2_interrupt/lab2_interrupt.srcs/sources_1/bd/arm/ip/arm_processing_system7_0_0/arm_processing_system7_0_0.xdc] for cell 'arm_i/processing_system7_0/inst'
Finished Parsing XDC File [/home/jesterhead1924/Documents/embedded_systems/Labs/vivado-projects/lab2_interrupt/lab2_interrupt.srcs/sources_1/bd/arm/ip/arm_processing_system7_0_0/arm_processing_system7_0_0.xdc] for cell 'arm_i/processing_system7_0/inst'
Parsing XDC File [/home/jesterhead1924/Documents/embedded_systems/Labs/vivado-projects/lab2_interrupt/lab2_interrupt.srcs/sources_1/bd/arm/ip/arm_axi_gpio_0_0/arm_axi_gpio_0_0_board.xdc] for cell 'arm_i/sw_8bit/U0'
Finished Parsing XDC File [/home/jesterhead1924/Documents/embedded_systems/Labs/vivado-projects/lab2_interrupt/lab2_interrupt.srcs/sources_1/bd/arm/ip/arm_axi_gpio_0_0/arm_axi_gpio_0_0_board.xdc] for cell 'arm_i/sw_8bit/U0'
Parsing XDC File [/home/jesterhead1924/Documents/embedded_systems/Labs/vivado-projects/lab2_interrupt/lab2_interrupt.srcs/sources_1/bd/arm/ip/arm_axi_gpio_0_0/arm_axi_gpio_0_0.xdc] for cell 'arm_i/sw_8bit/U0'
Finished Parsing XDC File [/home/jesterhead1924/Documents/embedded_systems/Labs/vivado-projects/lab2_interrupt/lab2_interrupt.srcs/sources_1/bd/arm/ip/arm_axi_gpio_0_0/arm_axi_gpio_0_0.xdc] for cell 'arm_i/sw_8bit/U0'
Parsing XDC File [/home/jesterhead1924/Documents/embedded_systems/Labs/vivado-projects/lab2_interrupt/lab2_interrupt.srcs/sources_1/bd/arm/ip/arm_rst_ps7_0_100M_0/arm_rst_ps7_0_100M_0_board.xdc] for cell 'arm_i/rst_ps7_0_100M/U0'
Finished Parsing XDC File [/home/jesterhead1924/Documents/embedded_systems/Labs/vivado-projects/lab2_interrupt/lab2_interrupt.srcs/sources_1/bd/arm/ip/arm_rst_ps7_0_100M_0/arm_rst_ps7_0_100M_0_board.xdc] for cell 'arm_i/rst_ps7_0_100M/U0'
Parsing XDC File [/home/jesterhead1924/Documents/embedded_systems/Labs/vivado-projects/lab2_interrupt/lab2_interrupt.srcs/sources_1/bd/arm/ip/arm_rst_ps7_0_100M_0/arm_rst_ps7_0_100M_0.xdc] for cell 'arm_i/rst_ps7_0_100M/U0'
Finished Parsing XDC File [/home/jesterhead1924/Documents/embedded_systems/Labs/vivado-projects/lab2_interrupt/lab2_interrupt.srcs/sources_1/bd/arm/ip/arm_rst_ps7_0_100M_0/arm_rst_ps7_0_100M_0.xdc] for cell 'arm_i/rst_ps7_0_100M/U0'
Parsing XDC File [/home/jesterhead1924/Documents/embedded_systems/Labs/vivado-projects/lab2_interrupt/lab2_interrupt.srcs/sources_1/bd/arm/ip/arm_axi_gpio_0_1/arm_axi_gpio_0_1_board.xdc] for cell 'arm_i/btns_5bit/U0'
Finished Parsing XDC File [/home/jesterhead1924/Documents/embedded_systems/Labs/vivado-projects/lab2_interrupt/lab2_interrupt.srcs/sources_1/bd/arm/ip/arm_axi_gpio_0_1/arm_axi_gpio_0_1_board.xdc] for cell 'arm_i/btns_5bit/U0'
Parsing XDC File [/home/jesterhead1924/Documents/embedded_systems/Labs/vivado-projects/lab2_interrupt/lab2_interrupt.srcs/sources_1/bd/arm/ip/arm_axi_gpio_0_1/arm_axi_gpio_0_1.xdc] for cell 'arm_i/btns_5bit/U0'
Finished Parsing XDC File [/home/jesterhead1924/Documents/embedded_systems/Labs/vivado-projects/lab2_interrupt/lab2_interrupt.srcs/sources_1/bd/arm/ip/arm_axi_gpio_0_1/arm_axi_gpio_0_1.xdc] for cell 'arm_i/btns_5bit/U0'
INFO: [Opt 31-138] Pushed 0 inverter(s) to 0 load pin(s).
Netlist sorting complete. Time (s): cpu = 00:00:00 ; elapsed = 00:00:00 . Memory (MB): peak = 2023.715 ; gain = 0.000 ; free physical = 867 ; free virtual = 9972
INFO: [Project 1-111] Unisim Transformation Summary:
No Unisim elements were transformed.

16 Infos, 0 Warnings, 0 Critical Warnings and 0 Errors encountered.
link_design completed successfully
link_design: Time (s): cpu = 00:00:07 ; elapsed = 00:00:08 . Memory (MB): peak = 2023.715 ; gain = 461.305 ; free physical = 867 ; free virtual = 9972
Command: opt_design
Attempting to get a license for feature 'Implementation' and/or device 'xc7z020'
INFO: [Common 17-349] Got license for feature 'Implementation' and/or device 'xc7z020'
Running DRC as a precondition to command opt_design

Starting DRC Task
INFO: [DRC 23-27] Running DRC with 8 threads
INFO: [Project 1-461] DRC finished with 0 Errors
INFO: [Project 1-462] Please refer to the DRC report (report_drc) for more information.

Time (s): cpu = 00:00:02 ; elapsed = 00:00:02 . Memory (MB): peak = 2023.715 ; gain = 0.000 ; free physical = 862 ; free virtual = 9967

Starting Cache Timing Information Task
INFO: [Timing 38-35] Done setting XDC timing constraints.
Ending Cache Timing Information Task | Checksum: 253aaf2b1

Time (s): cpu = 00:00:06 ; elapsed = 00:00:06 . Memory (MB): peak = 2429.250 ; gain = 405.535 ; free physical = 474 ; free virtual = 9579

Starting Logic Optimization Task

Phase 1 Retarget
INFO: [Opt 31-138] Pushed 0 inverter(s) to 0 load pin(s).
INFO: [Opt 31-49] Retargeted 0 cell(s).
Phase 1 Retarget | Checksum: 17f7296ad

Time (s): cpu = 00:00:00.21 ; elapsed = 00:00:00.10 . Memory (MB): peak = 2507.250 ; gain = 0.000 ; free physical = 408 ; free virtual = 9513
INFO: [Opt 31-389] Phase Retarget created 6 cells and removed 44 cells
INFO: [Opt 31-1021] In phase Retarget, 13 netlist objects are constrained preventing optimization. Please run opt_design with -debug_log to get more detail. 

Phase 2 Constant propagation
INFO: [Opt 31-138] Pushed 0 inverter(s) to 0 load pin(s).
Phase 2 Constant propagation | Checksum: 17f7296ad

Time (s): cpu = 00:00:00.23 ; elapsed = 00:00:00.12 . Memory (MB): peak = 2507.250 ; gain = 0.000 ; free physical = 408 ; free virtual = 9513
INFO: [Opt 31-389] Phase Constant propagation created 0 cells and removed 0 cells

Phase 3 Sweep
Phase 3 Sweep | Checksum: 1cdb0629d

Time (s): cpu = 00:00:00.45 ; elapsed = 00:00:00.34 . Memory (MB): peak = 2507.250 ; gain = 0.000 ; free physical = 408 ; free virtual = 9513
INFO: [Opt 31-389] Phase Sweep created 0 cells and removed 190 cells

Phase 4 BUFG optimization
Phase 4 BUFG optimization | Checksum: 1cdb0629d

Time (s): cpu = 00:00:00.50 ; elapsed = 00:00:00.39 . Memory (MB): peak = 2507.250 ; gain = 0.000 ; free physical = 408 ; free virtual = 9513
INFO: [Opt 31-662] Phase BUFG optimization created 0 cells of which 0 are BUFGs and removed 0 cells.

Phase 5 Shift Register Optimization
Phase 5 Shift Register Optimization | Checksum: 2253cead9

Time (s): cpu = 00:00:01 ; elapsed = 00:00:00.70 . Memory (MB): peak = 2507.250 ; gain = 0.000 ; free physical = 408 ; free virtual = 9513
INFO: [Opt 31-389] Phase Shift Register Optimization created 0 cells and removed 0 cells

Phase 6 Post Processing Netlist
Phase 6 Post Processing Netlist | Checksum: 2253cead9

Time (s): cpu = 00:00:01 ; elapsed = 00:00:00.76 . Memory (MB): peak = 2507.250 ; gain = 0.000 ; free physical = 408 ; free virtual = 9513
INFO: [Opt 31-389] Phase Post Processing Netlist created 0 cells and removed 0 cells
Opt_design Change Summary
=========================


-------------------------------------------------------------------------------------------------------------------------
|  Phase                        |  #Cells created  |  #Cells Removed  |  #Constrained objects preventing optimizations  |
-------------------------------------------------------------------------------------------------------------------------
|  Retarget                     |               6  |              44  |                                             13  |
|  Constant propagation         |               0  |               0  |                                              0  |
|  Sweep                        |               0  |             190  |                                              0  |
|  BUFG optimization            |               0  |               0  |                                              0  |
|  Shift Register Optimization  |               0  |               0  |                                              0  |
|  Post Processing Netlist      |               0  |               0  |                                              0  |
-------------------------------------------------------------------------------------------------------------------------



Starting Connectivity Check Task

Time (s): cpu = 00:00:00.01 ; elapsed = 00:00:00 . Memory (MB): peak = 2507.250 ; gain = 0.000 ; free physical = 408 ; free virtual = 9513
Ending Logic Optimization Task | Checksum: 2253cead9

Time (s): cpu = 00:00:01 ; elapsed = 00:00:00.78 . Memory (MB): peak = 2507.250 ; gain = 0.000 ; free physical = 408 ; free virtual = 9513

Starting Power Optimization Task
INFO: [Pwropt 34-132] Skipping clock gating for clocks with a period < 2.00 ns.
Ending Power Optimization Task | Checksum: 2253cead9

Time (s): cpu = 00:00:00.02 ; elapsed = 00:00:00.03 . Memory (MB): peak = 2507.250 ; gain = 0.000 ; free physical = 407 ; free virtual = 9513

Starting Final Cleanup Task
Ending Final Cleanup Task | Checksum: 2253cead9

Time (s): cpu = 00:00:00 ; elapsed = 00:00:00 . Memory (MB): peak = 2507.250 ; gain = 0.000 ; free physical = 407 ; free virtual = 9513

Starting Netlist Obfuscation Task
Netlist sorting complete. Time (s): cpu = 00:00:00 ; elapsed = 00:00:00 . Memory (MB): peak = 2507.250 ; gain = 0.000 ; free physical = 407 ; free virtual = 9513
Ending Netlist Obfuscation Task | Checksum: 2253cead9

Time (s): cpu = 00:00:00 ; elapsed = 00:00:00 . Memory (MB): peak = 2507.250 ; gain = 0.000 ; free physical = 407 ; free virtual = 9513
INFO: [Common 17-83] Releasing license: Implementation
33 Infos, 0 Warnings, 0 Critical Warnings and 0 Errors encountered.
opt_design completed successfully
opt_design: Time (s): cpu = 00:00:10 ; elapsed = 00:00:10 . Memory (MB): peak = 2507.250 ; gain = 483.535 ; free physical = 407 ; free virtual = 9513
Netlist sorting complete. Time (s): cpu = 00:00:00 ; elapsed = 00:00:00 . Memory (MB): peak = 2507.250 ; gain = 0.000 ; free physical = 407 ; free virtual = 9513
INFO: [Timing 38-480] Writing timing data to binary archive.
Writing placer database...
Writing XDEF routing.
Writing XDEF routing logical nets.
Writing XDEF routing special nets.
Write XDEF Complete: Time (s): cpu = 00:00:00.14 ; elapsed = 00:00:00.04 . Memory (MB): peak = 2539.266 ; gain = 0.000 ; free physical = 401 ; free virtual = 9509
Netlist sorting complete. Time (s): cpu = 00:00:00 ; elapsed = 00:00:00 . Memory (MB): peak = 2539.266 ; gain = 0.000 ; free physical = 403 ; free virtual = 9510
INFO: [Common 17-1381] The checkpoint '/home/jesterhead1924/Documents/embedded_systems/Labs/vivado-projects/lab2_interrupt/lab2_interrupt.runs/impl_1/arm_wrapper_opt.dcp' has been generated.
INFO: [runtcl-4] Executing : report_drc -file arm_wrapper_drc_opted.rpt -pb arm_wrapper_drc_opted.pb -rpx arm_wrapper_drc_opted.rpx
Command: report_drc -file arm_wrapper_drc_opted.rpt -pb arm_wrapper_drc_opted.pb -rpx arm_wrapper_drc_opted.rpx
INFO: [IP_Flow 19-1839] IP Catalog is up to date.
INFO: [DRC 23-27] Running DRC with 8 threads
WARNING: [Designutils 20-3303] unexpected site type 'IOPAD' in HDPYFinalizeIO
WARNING: [Designutils 20-3303] unexpected site type 'IOPAD' in HDPYFinalizeIO
WARNING: [Designutils 20-3303] unexpected site type 'IOPAD' in HDPYFinalizeIO
WARNING: [Designutils 20-3303] unexpected site type 'IOPAD' in HDPYFinalizeIO
WARNING: [Designutils 20-3303] unexpected site type 'IOPAD' in HDPYFinalizeIO
WARNING: [Designutils 20-3303] unexpected site type 'IOPAD' in HDPYFinalizeIO
WARNING: [Designutils 20-3303] unexpected site type 'IOPAD' in HDPYFinalizeIO
WARNING: [Designutils 20-3303] unexpected site type 'IOPAD' in HDPYFinalizeIO
WARNING: [Designutils 20-3303] unexpected site type 'IOPAD' in HDPYFinalizeIO
WARNING: [Designutils 20-3303] unexpected site type 'IOPAD' in HDPYFinalizeIO
WARNING: [Designutils 20-3303] unexpected site type 'IOPAD' in HDPYFinalizeIO
WARNING: [Designutils 20-3303] unexpected site type 'IOPAD' in HDPYFinalizeIO
WARNING: [Designutils 20-3303] unexpected site type 'IOPAD' in HDPYFinalizeIO
WARNING: [Designutils 20-3303] unexpected site type 'IOPAD' in HDPYFinalizeIO
WARNING: [Designutils 20-3303] unexpected site type 'IOPAD' in HDPYFinalizeIO
WARNING: [Designutils 20-3303] unexpected site type 'IOPAD' in HDPYFinalizeIO
WARNING: [Designutils 20-3303] unexpected site type 'IOPAD' in HDPYFinalizeIO
WARNING: [Designutils 20-3303] unexpected site type 'IOPAD' in HDPYFinalizeIO
WARNING: [Designutils 20-3303] unexpected site type 'IOPAD' in HDPYFinalizeIO
WARNING: [Designutils 20-3303] unexpected site type 'IOPAD' in HDPYFinalizeIO
WARNING: [Designutils 20-3303] unexpected site type 'IOPAD' in HDPYFinalizeIO
WARNING: [Designutils 20-3303] unexpected site type 'IOPAD' in HDPYFinalizeIO
WARNING: [Designutils 20-3303] unexpected site type 'IOPAD' in HDPYFinalizeIO
WARNING: [Designutils 20-3303] unexpected site type 'IOPAD' in HDPYFinalizeIO
WARNING: [Designutils 20-3303] unexpected site type 'IOPAD' in HDPYFinalizeIO
WARNING: [Designutils 20-3303] unexpected site type 'IOPAD' in HDPYFinalizeIO
WARNING: [Designutils 20-3303] unexpected site type 'IOPAD' in HDPYFinalizeIO
WARNING: [Designutils 20-3303] unexpected site type 'IOPAD' in HDPYFinalizeIO
WARNING: [Designutils 20-3303] unexpected site type 'IOPAD' in HDPYFinalizeIO
WARNING: [Designutils 20-3303] unexpected site type 'IOPAD' in HDPYFinalizeIO
WARNING: [Designutils 20-3303] unexpected site type 'IOPAD' in HDPYFinalizeIO
WARNING: [Designutils 20-3303] unexpected site type 'IOPAD' in HDPYFinalizeIO
WARNING: [Designutils 20-3303] unexpected site type 'IOPAD' in HDPYFinalizeIO
WARNING: [Designutils 20-3303] unexpected site type 'IOPAD' in HDPYFinalizeIO
WARNING: [Designutils 20-3303] unexpected site type 'IOPAD' in HDPYFinalizeIO
WARNING: [Designutils 20-3303] unexpected site type 'IOPAD' in HDPYFinalizeIO
WARNING: [Designutils 20-3303] unexpected site type 'IOPAD' in HDPYFinalizeIO
WARNING: [Designutils 20-3303] unexpected site type 'IOPAD' in HDPYFinalizeIO
WARNING: [Designutils 20-3303] unexpected site type 'IOPAD' in HDPYFinalizeIO
WARNING: [Designutils 20-3303] unexpected site type 'IOPAD' in HDPYFinalizeIO
WARNING: [Designutils 20-3303] unexpected site type 'IOPAD' in HDPYFinalizeIO
WARNING: [Designutils 20-3303] unexpected site type 'IOPAD' in HDPYFinalizeIO
WARNING: [Designutils 20-3303] unexpected site type 'IOPAD' in HDPYFinalizeIO
WARNING: [Designutils 20-3303] unexpected site type 'IOPAD' in HDPYFinalizeIO
WARNING: [Designutils 20-3303] unexpected site type 'IOPAD' in HDPYFinalizeIO
WARNING: [Designutils 20-3303] unexpected site type 'IOPAD' in HDPYFinalizeIO
WARNING: [Designutils 20-3303] unexpected site type 'IOPAD' in HDPYFinalizeIO
WARNING: [Designutils 20-3303] unexpected site type 'IOPAD' in HDPYFinalizeIO
WARNING: [Designutils 20-3303] unexpected site type 'IOPAD' in HDPYFinalizeIO
WARNING: [Designutils 20-3303] unexpected site type 'IOPAD' in HDPYFinalizeIO
WARNING: [Designutils 20-3303] unexpected site type 'IOPAD' in HDPYFinalizeIO
WARNING: [Designutils 20-3303] unexpected site type 'IOPAD' in HDPYFinalizeIO
WARNING: [Designutils 20-3303] unexpected site type 'IOPAD' in HDPYFinalizeIO
WARNING: [Designutils 20-3303] unexpected site type 'IOPAD' in HDPYFinalizeIO
WARNING: [Designutils 20-3303] unexpected site type 'IOPAD' in HDPYFinalizeIO
WARNING: [Designutils 20-3303] unexpected site type 'IOPAD' in HDPYFinalizeIO
WARNING: [Designutils 20-3303] unexpected site type 'IOPAD' in HDPYFinalizeIO
WARNING: [Designutils 20-3303] unexpected site type 'IOPAD' in HDPYFinalizeIO
WARNING: [Designutils 20-3303] unexpected site type 'IOPAD' in HDPYFinalizeIO
WARNING: [Designutils 20-3303] unexpected site type 'IOPAD' in HDPYFinalizeIO
WARNING: [Designutils 20-3303] unexpected site type 'IOPAD' in HDPYFinalizeIO
WARNING: [Designutils 20-3303] unexpected site type 'IOPAD' in HDPYFinalizeIO
WARNING: [Designutils 20-3303] unexpected site type 'IOPAD' in HDPYFinalizeIO
WARNING: [Designutils 20-3303] unexpected site type 'IOPAD' in HDPYFinalizeIO
WARNING: [Designutils 20-3303] unexpected site type 'IOPAD' in HDPYFinalizeIO
WARNING: [Designutils 20-3303] unexpected site type 'IOPAD' in HDPYFinalizeIO
WARNING: [Designutils 20-3303] unexpected site type 'IOPAD' in HDPYFinalizeIO
WARNING: [Designutils 20-3303] unexpected site type 'IOPAD' in HDPYFinalizeIO
WARNING: [Designutils 20-3303] unexpected site type 'IOPAD' in HDPYFinalizeIO
WARNING: [Designutils 20-3303] unexpected site type 'IOPAD' in HDPYFinalizeIO
WARNING: [Designutils 20-3303] unexpected site type 'IOPAD' in HDPYFinalizeIO
WARNING: [Designutils 20-3303] unexpected site type 'IOPAD' in HDPYFinalizeIO
WARNING: [Designutils 20-3303] unexpected site type 'IOPAD' in HDPYFinalizeIO
WARNING: [Designutils 20-3303] unexpected site type 'IOPAD' in HDPYFinalizeIO
WARNING: [Designutils 20-3303] unexpected site type 'IOPAD' in HDPYFinalizeIO
WARNING: [Designutils 20-3303] unexpected site type 'IOPAD' in HDPYFinalizeIO
WARNING: [Designutils 20-3303] unexpected site type 'IOPAD' in HDPYFinalizeIO
WARNING: [Designutils 20-3303] unexpected site type 'IOPAD' in HDPYFinalizeIO
WARNING: [Designutils 20-3303] unexpected site type 'IOPAD' in HDPYFinalizeIO
WARNING: [Designutils 20-3303] unexpected site type 'IOPAD' in HDPYFinalizeIO
WARNING: [Designutils 20-3303] unexpected site type 'IOPAD' in HDPYFinalizeIO
WARNING: [Designutils 20-3303] unexpected site type 'IOPAD' in HDPYFinalizeIO
WARNING: [Designutils 20-3303] unexpected site type 'IOPAD' in HDPYFinalizeIO
WARNING: [Designutils 20-3303] unexpected site type 'IOPAD' in HDPYFinalizeIO
WARNING: [Designutils 20-3303] unexpected site type 'IOPAD' in HDPYFinalizeIO
WARNING: [Designutils 20-3303] unexpected site type 'IOPAD' in HDPYFinalizeIO
WARNING: [Designutils 20-3303] unexpected site type 'IOPAD' in HDPYFinalizeIO
WARNING: [Designutils 20-3303] unexpected site type 'IOPAD' in HDPYFinalizeIO
WARNING: [Designutils 20-3303] unexpected site type 'IOPAD' in HDPYFinalizeIO
WARNING: [Designutils 20-3303] unexpected site type 'IOPAD' in HDPYFinalizeIO
WARNING: [Designutils 20-3303] unexpected site type 'IOPAD' in HDPYFinalizeIO
WARNING: [Designutils 20-3303] unexpected site type 'IOPAD' in HDPYFinalizeIO
WARNING: [Designutils 20-3303] unexpected site type 'IOPAD' in HDPYFinalizeIO
WARNING: [Designutils 20-3303] unexpected site type 'IOPAD' in HDPYFinalizeIO
WARNING: [Designutils 20-3303] unexpected site type 'IOPAD' in HDPYFinalizeIO
WARNING: [Designutils 20-3303] unexpected site type 'IOPAD' in HDPYFinalizeIO
WARNING: [Designutils 20-3303] unexpected site type 'IOPAD' in HDPYFinalizeIO
WARNING: [Designutils 20-3303] unexpected site type 'IOPAD' in HDPYFinalizeIO
WARNING: [Designutils 20-3303] unexpected site type 'IOPAD' in HDPYFinalizeIO
WARNING: [Designutils 20-3303] unexpected site type 'IOPAD' in HDPYFinalizeIO
INFO: [Coretcl 2-168] The results of DRC are in file /home/jesterhead1924/Documents/embedded_systems/Labs/vivado-projects/lab2_interrupt/lab2_interrupt.runs/impl_1/arm_wrapper_drc_opted.rpt.
report_drc completed successfully
Command: place_design
Attempting to get a license for feature 'Implementation' and/or device 'xc7z020'
INFO: [Common 17-349] Got license for feature 'Implementation' and/or device 'xc7z020'
INFO: [DRC 23-27] Running DRC with 8 threads
INFO: [Vivado_Tcl 4-198] DRC finished with 0 Errors
INFO: [Vivado_Tcl 4-199] Please refer to the DRC report (report_drc) for more information.
Running DRC as a precondition to command place_design
INFO: [DRC 23-27] Running DRC with 8 threads
INFO: [Vivado_Tcl 4-198] DRC finished with 0 Errors
INFO: [Vivado_Tcl 4-199] Please refer to the DRC report (report_drc) for more information.

Starting Placer Task
INFO: [Place 30-611] Multithreading enabled for place_design using a maximum of 8 CPUs

Phase 1 Placer Initialization

Phase 1.1 Placer Initialization Netlist Sorting
Netlist sorting complete. Time (s): cpu = 00:00:00 ; elapsed = 00:00:00 . Memory (MB): peak = 2627.309 ; gain = 0.000 ; free physical = 391 ; free virtual = 9497
Phase 1.1 Placer Initialization Netlist Sorting | Checksum: 17bb935f0

Time (s): cpu = 00:00:00.01 ; elapsed = 00:00:00.03 . Memory (MB): peak = 2627.309 ; gain = 0.000 ; free physical = 391 ; free virtual = 9497
Netlist sorting complete. Time (s): cpu = 00:00:00.01 ; elapsed = 00:00:00 . Memory (MB): peak = 2627.309 ; gain = 0.000 ; free physical = 391 ; free virtual = 9497

Phase 1.2 IO Placement/ Clock Placement/ Build Placer Device
INFO: [Timing 38-35] Done setting XDC timing constraints.
Phase 1.2 IO Placement/ Clock Placement/ Build Placer Device | Checksum: 1ae3a19e5

Time (s): cpu = 00:00:01 ; elapsed = 00:00:00.75 . Memory (MB): peak = 2627.309 ; gain = 0.000 ; free physical = 375 ; free virtual = 9481

Phase 1.3 Build Placer Netlist Model
Phase 1.3 Build Placer Netlist Model | Checksum: 235e9fe80

Time (s): cpu = 00:00:02 ; elapsed = 00:00:00.97 . Memory (MB): peak = 2627.309 ; gain = 0.000 ; free physical = 383 ; free virtual = 9490

Phase 1.4 Constrain Clocks/Macros
Phase 1.4 Constrain Clocks/Macros | Checksum: 235e9fe80

Time (s): cpu = 00:00:02 ; elapsed = 00:00:00.98 . Memory (MB): peak = 2627.309 ; gain = 0.000 ; free physical = 383 ; free virtual = 9490
Phase 1 Placer Initialization | Checksum: 235e9fe80

Time (s): cpu = 00:00:02 ; elapsed = 00:00:00.98 . Memory (MB): peak = 2627.309 ; gain = 0.000 ; free physical = 383 ; free virtual = 9490

Phase 2 Global Placement

Phase 2.1 Floorplanning
Phase 2.1 Floorplanning | Checksum: 1c80af0e9

Time (s): cpu = 00:00:02 ; elapsed = 00:00:01 . Memory (MB): peak = 2627.309 ; gain = 0.000 ; free physical = 380 ; free virtual = 9487

Phase 2.2 Physical Synthesis In Placer
INFO: [Physopt 32-65] No nets found for high-fanout optimization.
INFO: [Physopt 32-232] Optimized 0 net. Created 0 new instance.
INFO: [Physopt 32-775] End 1 Pass. Optimized 0 net or cell. Created 0 new cell, deleted 0 existing cell and moved 0 existing cell
INFO: [Physopt 32-670] No setup violation found.  DSP Register Optimization was not performed.
INFO: [Physopt 32-670] No setup violation found.  Shift Register Optimization was not performed.
INFO: [Physopt 32-670] No setup violation found.  BRAM Register Optimization was not performed.
INFO: [Physopt 32-949] No candidate nets found for HD net replication
INFO: [Physopt 32-775] End 1 Pass. Optimized 0 net or cell. Created 0 new cell, deleted 0 existing cell and moved 0 existing cell
Netlist sorting complete. Time (s): cpu = 00:00:00 ; elapsed = 00:00:00 . Memory (MB): peak = 2627.309 ; gain = 0.000 ; free physical = 368 ; free virtual = 9475

Summary of Physical Synthesis Optimizations
============================================


----------------------------------------------------------------------------------------------------------------------------------------
|  Optimization                  |  Added Cells  |  Removed Cells  |  Optimized Cells/Nets  |  Dont Touch  |  Iterations  |  Elapsed   |
----------------------------------------------------------------------------------------------------------------------------------------
|  Very High Fanout              |            0  |              0  |                     0  |           0  |           1  |  00:00:00  |
|  DSP Register                  |            0  |              0  |                     0  |           0  |           0  |  00:00:00  |
|  Shift Register                |            0  |              0  |                     0  |           0  |           0  |  00:00:00  |
|  BRAM Register                 |            0  |              0  |                     0  |           0  |           0  |  00:00:00  |
|  HD Interface Net Replication  |            0  |              0  |                     0  |           0  |           1  |  00:00:00  |
|  Total                         |            0  |              0  |                     0  |           0  |           2  |  00:00:00  |
----------------------------------------------------------------------------------------------------------------------------------------


Phase 2.2 Physical Synthesis In Placer | Checksum: 2a98198ff

Time (s): cpu = 00:00:10 ; elapsed = 00:00:03 . Memory (MB): peak = 2627.309 ; gain = 0.000 ; free physical = 382 ; free virtual = 9488
Phase 2 Global Placement | Checksum: 26905e460

Time (s): cpu = 00:00:11 ; elapsed = 00:00:03 . Memory (MB): peak = 2627.309 ; gain = 0.000 ; free physical = 382 ; free virtual = 9488

Phase 3 Detail Placement

Phase 3.1 Commit Multi Column Macros
Phase 3.1 Commit Multi Column Macros | Checksum: 26905e460

Time (s): cpu = 00:00:11 ; elapsed = 00:00:03 . Memory (MB): peak = 2627.309 ; gain = 0.000 ; free physical = 382 ; free virtual = 9488

Phase 3.2 Commit Most Macros & LUTRAMs
Phase 3.2 Commit Most Macros & LUTRAMs | Checksum: 1ef94bc62

Time (s): cpu = 00:00:12 ; elapsed = 00:00:03 . Memory (MB): peak = 2627.309 ; gain = 0.000 ; free physical = 382 ; free virtual = 9489

Phase 3.3 Area Swap Optimization
Phase 3.3 Area Swap Optimization | Checksum: 24d930d0f

Time (s): cpu = 00:00:12 ; elapsed = 00:00:03 . Memory (MB): peak = 2627.309 ; gain = 0.000 ; free physical = 382 ; free virtual = 9489

Phase 3.4 Pipeline Register Optimization
Phase 3.4 Pipeline Register Optimization | Checksum: 2717e8748

Time (s): cpu = 00:00:12 ; elapsed = 00:00:03 . Memory (MB): peak = 2627.309 ; gain = 0.000 ; free physical = 382 ; free virtual = 9489

Phase 3.5 Small Shape Detail Placement
Phase 3.5 Small Shape Detail Placement | Checksum: 2acbce6b0

Time (s): cpu = 00:00:13 ; elapsed = 00:00:04 . Memory (MB): peak = 2627.309 ; gain = 0.000 ; free physical = 380 ; free virtual = 9486

Phase 3.6 Re-assign LUT pins
Phase 3.6 Re-assign LUT pins | Checksum: 21efbe791

Time (s): cpu = 00:00:13 ; elapsed = 00:00:04 . Memory (MB): peak = 2627.309 ; gain = 0.000 ; free physical = 380 ; free virtual = 9486

Phase 3.7 Pipeline Register Optimization
Phase 3.7 Pipeline Register Optimization | Checksum: 1ab1060d0

Time (s): cpu = 00:00:13 ; elapsed = 00:00:04 . Memory (MB): peak = 2627.309 ; gain = 0.000 ; free physical = 380 ; free virtual = 9486
Phase 3 Detail Placement | Checksum: 1ab1060d0

Time (s): cpu = 00:00:13 ; elapsed = 00:00:04 . Memory (MB): peak = 2627.309 ; gain = 0.000 ; free physical = 380 ; free virtual = 9486

Phase 4 Post Placement Optimization and Clean-Up

Phase 4.1 Post Commit Optimization
INFO: [Timing 38-35] Done setting XDC timing constraints.

Phase 4.1.1 Post Placement Optimization
Post Placement Optimization Initialization | Checksum: 13082475f

Phase 4.1.1.1 BUFG Insertion
INFO: [Place 46-46] BUFG insertion identified 0 candidate nets, 0 success, 0 bufg driver replicated, 0 skipped for placement/routing, 0 skipped for timing, 0 skipped for netlist change reason
Phase 4.1.1.1 BUFG Insertion | Checksum: 13082475f

Time (s): cpu = 00:00:14 ; elapsed = 00:00:04 . Memory (MB): peak = 2627.309 ; gain = 0.000 ; free physical = 379 ; free virtual = 9486
INFO: [Place 30-746] Post Placement Timing Summary WNS=3.459. For the most accurate timing information please run report_timing.
Phase 4.1.1 Post Placement Optimization | Checksum: 101e110fa

Time (s): cpu = 00:00:14 ; elapsed = 00:00:04 . Memory (MB): peak = 2627.309 ; gain = 0.000 ; free physical = 379 ; free virtual = 9486
Phase 4.1 Post Commit Optimization | Checksum: 101e110fa

Time (s): cpu = 00:00:14 ; elapsed = 00:00:04 . Memory (MB): peak = 2627.309 ; gain = 0.000 ; free physical = 379 ; free virtual = 9486

Phase 4.2 Post Placement Cleanup
Phase 4.2 Post Placement Cleanup | Checksum: 101e110fa

Time (s): cpu = 00:00:14 ; elapsed = 00:00:04 . Memory (MB): peak = 2627.309 ; gain = 0.000 ; free physical = 379 ; free virtual = 9486

Phase 4.3 Placer Reporting
Phase 4.3 Placer Reporting | Checksum: 101e110fa

Time (s): cpu = 00:00:14 ; elapsed = 00:00:04 . Memory (MB): peak = 2627.309 ; gain = 0.000 ; free physical = 379 ; free virtual = 9486

Phase 4.4 Final Placement Cleanup
Netlist sorting complete. Time (s): cpu = 00:00:00 ; elapsed = 00:00:00 . Memory (MB): peak = 2627.309 ; gain = 0.000 ; free physical = 379 ; free virtual = 9486
Phase 4.4 Final Placement Cleanup | Checksum: bfb16bdd

Time (s): cpu = 00:00:14 ; elapsed = 00:00:04 . Memory (MB): peak = 2627.309 ; gain = 0.000 ; free physical = 379 ; free virtual = 9486
Phase 4 Post Placement Optimization and Clean-Up | Checksum: bfb16bdd

Time (s): cpu = 00:00:14 ; elapsed = 00:00:04 . Memory (MB): peak = 2627.309 ; gain = 0.000 ; free physical = 379 ; free virtual = 9486
Ending Placer Task | Checksum: b1b828b7

Time (s): cpu = 00:00:14 ; elapsed = 00:00:04 . Memory (MB): peak = 2627.309 ; gain = 0.000 ; free physical = 392 ; free virtual = 9499
INFO: [Common 17-83] Releasing license: Implementation
60 Infos, 100 Warnings, 0 Critical Warnings and 0 Errors encountered.
place_design completed successfully
place_design: Time (s): cpu = 00:00:16 ; elapsed = 00:00:05 . Memory (MB): peak = 2627.309 ; gain = 0.000 ; free physical = 392 ; free virtual = 9499
Netlist sorting complete. Time (s): cpu = 00:00:00 ; elapsed = 00:00:00 . Memory (MB): peak = 2627.309 ; gain = 0.000 ; free physical = 395 ; free virtual = 9501
INFO: [Timing 38-480] Writing timing data to binary archive.
Writing placer database...
Netlist sorting complete. Time (s): cpu = 00:00:00 ; elapsed = 00:00:00 . Memory (MB): peak = 2627.309 ; gain = 0.000 ; free physical = 392 ; free virtual = 9500
Writing XDEF routing.
Writing XDEF routing logical nets.
Writing XDEF routing special nets.
Write XDEF Complete: Time (s): cpu = 00:00:00.27 ; elapsed = 00:00:00.07 . Memory (MB): peak = 2627.309 ; gain = 0.000 ; free physical = 386 ; free virtual = 9496
INFO: [Common 17-1381] The checkpoint '/home/jesterhead1924/Documents/embedded_systems/Labs/vivado-projects/lab2_interrupt/lab2_interrupt.runs/impl_1/arm_wrapper_placed.dcp' has been generated.
INFO: [runtcl-4] Executing : report_io -file arm_wrapper_io_placed.rpt
report_io: Time (s): cpu = 00:00:00.08 ; elapsed = 00:00:00.10 . Memory (MB): peak = 2627.309 ; gain = 0.000 ; free physical = 380 ; free virtual = 9488
INFO: [runtcl-4] Executing : report_utilization -file arm_wrapper_utilization_placed.rpt -pb arm_wrapper_utilization_placed.pb
INFO: [runtcl-4] Executing : report_control_sets -verbose -file arm_wrapper_control_sets_placed.rpt
report_control_sets: Time (s): cpu = 00:00:00.01 ; elapsed = 00:00:00.05 . Memory (MB): peak = 2627.309 ; gain = 0.000 ; free physical = 388 ; free virtual = 9495
Command: route_design
Attempting to get a license for feature 'Implementation' and/or device 'xc7z020'
INFO: [Common 17-349] Got license for feature 'Implementation' and/or device 'xc7z020'
Running DRC as a precondition to command route_design
INFO: [DRC 23-27] Running DRC with 8 threads
WARNING: [Designutils 20-3303] unexpected site type 'IOPAD' in HDPYFinalizeIO
WARNING: [Designutils 20-3303] unexpected site type 'IOPAD' in HDPYFinalizeIO
WARNING: [Designutils 20-3303] unexpected site type 'IOPAD' in HDPYFinalizeIO
WARNING: [Designutils 20-3303] unexpected site type 'IOPAD' in HDPYFinalizeIO
WARNING: [Designutils 20-3303] unexpected site type 'IOPAD' in HDPYFinalizeIO
WARNING: [Designutils 20-3303] unexpected site type 'IOPAD' in HDPYFinalizeIO
WARNING: [Designutils 20-3303] unexpected site type 'IOPAD' in HDPYFinalizeIO
WARNING: [Designutils 20-3303] unexpected site type 'IOPAD' in HDPYFinalizeIO
WARNING: [Designutils 20-3303] unexpected site type 'IOPAD' in HDPYFinalizeIO
WARNING: [Designutils 20-3303] unexpected site type 'IOPAD' in HDPYFinalizeIO
WARNING: [Designutils 20-3303] unexpected site type 'IOPAD' in HDPYFinalizeIO
WARNING: [Designutils 20-3303] unexpected site type 'IOPAD' in HDPYFinalizeIO
WARNING: [Designutils 20-3303] unexpected site type 'IOPAD' in HDPYFinalizeIO
WARNING: [Designutils 20-3303] unexpected site type 'IOPAD' in HDPYFinalizeIO
WARNING: [Designutils 20-3303] unexpected site type 'IOPAD' in HDPYFinalizeIO
WARNING: [Designutils 20-3303] unexpected site type 'IOPAD' in HDPYFinalizeIO
WARNING: [Designutils 20-3303] unexpected site type 'IOPAD' in HDPYFinalizeIO
WARNING: [Designutils 20-3303] unexpected site type 'IOPAD' in HDPYFinalizeIO
WARNING: [Designutils 20-3303] unexpected site type 'IOPAD' in HDPYFinalizeIO
WARNING: [Designutils 20-3303] unexpected site type 'IOPAD' in HDPYFinalizeIO
WARNING: [Designutils 20-3303] unexpected site type 'IOPAD' in HDPYFinalizeIO
WARNING: [Designutils 20-3303] unexpected site type 'IOPAD' in HDPYFinalizeIO
WARNING: [Designutils 20-3303] unexpected site type 'IOPAD' in HDPYFinalizeIO
WARNING: [Designutils 20-3303] unexpected site type 'IOPAD' in HDPYFinalizeIO
WARNING: [Designutils 20-3303] unexpected site type 'IOPAD' in HDPYFinalizeIO
WARNING: [Designutils 20-3303] unexpected site type 'IOPAD' in HDPYFinalizeIO
WARNING: [Designutils 20-3303] unexpected site type 'IOPAD' in HDPYFinalizeIO
WARNING: [Designutils 20-3303] unexpected site type 'IOPAD' in HDPYFinalizeIO
WARNING: [Designutils 20-3303] unexpected site type 'IOPAD' in HDPYFinalizeIO
WARNING: [Designutils 20-3303] unexpected site type 'IOPAD' in HDPYFinalizeIO
WARNING: [Designutils 20-3303] unexpected site type 'IOPAD' in HDPYFinalizeIO
WARNING: [Designutils 20-3303] unexpected site type 'IOPAD' in HDPYFinalizeIO
WARNING: [Designutils 20-3303] unexpected site type 'IOPAD' in HDPYFinalizeIO
WARNING: [Designutils 20-3303] unexpected site type 'IOPAD' in HDPYFinalizeIO
WARNING: [Designutils 20-3303] unexpected site type 'IOPAD' in HDPYFinalizeIO
WARNING: [Designutils 20-3303] unexpected site type 'IOPAD' in HDPYFinalizeIO
WARNING: [Designutils 20-3303] unexpected site type 'IOPAD' in HDPYFinalizeIO
WARNING: [Designutils 20-3303] unexpected site type 'IOPAD' in HDPYFinalizeIO
WARNING: [Designutils 20-3303] unexpected site type 'IOPAD' in HDPYFinalizeIO
WARNING: [Designutils 20-3303] unexpected site type 'IOPAD' in HDPYFinalizeIO
WARNING: [Designutils 20-3303] unexpected site type 'IOPAD' in HDPYFinalizeIO
WARNING: [Designutils 20-3303] unexpected site type 'IOPAD' in HDPYFinalizeIO
WARNING: [Designutils 20-3303] unexpected site type 'IOPAD' in HDPYFinalizeIO
WARNING: [Designutils 20-3303] unexpected site type 'IOPAD' in HDPYFinalizeIO
WARNING: [Designutils 20-3303] unexpected site type 'IOPAD' in HDPYFinalizeIO
WARNING: [Designutils 20-3303] unexpected site type 'IOPAD' in HDPYFinalizeIO
WARNING: [Designutils 20-3303] unexpected site type 'IOPAD' in HDPYFinalizeIO
WARNING: [Designutils 20-3303] unexpected site type 'IOPAD' in HDPYFinalizeIO
WARNING: [Designutils 20-3303] unexpected site type 'IOPAD' in HDPYFinalizeIO
WARNING: [Designutils 20-3303] unexpected site type 'IOPAD' in HDPYFinalizeIO
WARNING: [Designutils 20-3303] unexpected site type 'IOPAD' in HDPYFinalizeIO
WARNING: [Designutils 20-3303] unexpected site type 'IOPAD' in HDPYFinalizeIO
WARNING: [Designutils 20-3303] unexpected site type 'IOPAD' in HDPYFinalizeIO
WARNING: [Designutils 20-3303] unexpected site type 'IOPAD' in HDPYFinalizeIO
WARNING: [Designutils 20-3303] unexpected site type 'IOPAD' in HDPYFinalizeIO
WARNING: [Designutils 20-3303] unexpected site type 'IOPAD' in HDPYFinalizeIO
WARNING: [Designutils 20-3303] unexpected site type 'IOPAD' in HDPYFinalizeIO
WARNING: [Designutils 20-3303] unexpected site type 'IOPAD' in HDPYFinalizeIO
WARNING: [Designutils 20-3303] unexpected site type 'IOPAD' in HDPYFinalizeIO
WARNING: [Designutils 20-3303] unexpected site type 'IOPAD' in HDPYFinalizeIO
WARNING: [Designutils 20-3303] unexpected site type 'IOPAD' in HDPYFinalizeIO
WARNING: [Designutils 20-3303] unexpected site type 'IOPAD' in HDPYFinalizeIO
WARNING: [Designutils 20-3303] unexpected site type 'IOPAD' in HDPYFinalizeIO
WARNING: [Designutils 20-3303] unexpected site type 'IOPAD' in HDPYFinalizeIO
WARNING: [Designutils 20-3303] unexpected site type 'IOPAD' in HDPYFinalizeIO
WARNING: [Designutils 20-3303] unexpected site type 'IOPAD' in HDPYFinalizeIO
WARNING: [Designutils 20-3303] unexpected site type 'IOPAD' in HDPYFinalizeIO
WARNING: [Designutils 20-3303] unexpected site type 'IOPAD' in HDPYFinalizeIO
WARNING: [Designutils 20-3303] unexpected site type 'IOPAD' in HDPYFinalizeIO
WARNING: [Designutils 20-3303] unexpected site type 'IOPAD' in HDPYFinalizeIO
WARNING: [Designutils 20-3303] unexpected site type 'IOPAD' in HDPYFinalizeIO
WARNING: [Designutils 20-3303] unexpected site type 'IOPAD' in HDPYFinalizeIO
WARNING: [Designutils 20-3303] unexpected site type 'IOPAD' in HDPYFinalizeIO
WARNING: [Designutils 20-3303] unexpected site type 'IOPAD' in HDPYFinalizeIO
WARNING: [Designutils 20-3303] unexpected site type 'IOPAD' in HDPYFinalizeIO
WARNING: [Designutils 20-3303] unexpected site type 'IOPAD' in HDPYFinalizeIO
WARNING: [Designutils 20-3303] unexpected site type 'IOPAD' in HDPYFinalizeIO
WARNING: [Designutils 20-3303] unexpected site type 'IOPAD' in HDPYFinalizeIO
WARNING: [Designutils 20-3303] unexpected site type 'IOPAD' in HDPYFinalizeIO
WARNING: [Designutils 20-3303] unexpected site type 'IOPAD' in HDPYFinalizeIO
WARNING: [Designutils 20-3303] unexpected site type 'IOPAD' in HDPYFinalizeIO
WARNING: [Designutils 20-3303] unexpected site type 'IOPAD' in HDPYFinalizeIO
WARNING: [Designutils 20-3303] unexpected site type 'IOPAD' in HDPYFinalizeIO
WARNING: [Designutils 20-3303] unexpected site type 'IOPAD' in HDPYFinalizeIO
WARNING: [Designutils 20-3303] unexpected site type 'IOPAD' in HDPYFinalizeIO
WARNING: [Designutils 20-3303] unexpected site type 'IOPAD' in HDPYFinalizeIO
WARNING: [Designutils 20-3303] unexpected site type 'IOPAD' in HDPYFinalizeIO
WARNING: [Designutils 20-3303] unexpected site type 'IOPAD' in HDPYFinalizeIO
WARNING: [Designutils 20-3303] unexpected site type 'IOPAD' in HDPYFinalizeIO
WARNING: [Designutils 20-3303] unexpected site type 'IOPAD' in HDPYFinalizeIO
WARNING: [Designutils 20-3303] unexpected site type 'IOPAD' in HDPYFinalizeIO
WARNING: [Designutils 20-3303] unexpected site type 'IOPAD' in HDPYFinalizeIO
WARNING: [Designutils 20-3303] unexpected site type 'IOPAD' in HDPYFinalizeIO
WARNING: [Designutils 20-3303] unexpected site type 'IOPAD' in HDPYFinalizeIO
WARNING: [Designutils 20-3303] unexpected site type 'IOPAD' in HDPYFinalizeIO
WARNING: [Designutils 20-3303] unexpected site type 'IOPAD' in HDPYFinalizeIO
WARNING: [Designutils 20-3303] unexpected site type 'IOPAD' in HDPYFinalizeIO
WARNING: [Designutils 20-3303] unexpected site type 'IOPAD' in HDPYFinalizeIO
WARNING: [Designutils 20-3303] unexpected site type 'IOPAD' in HDPYFinalizeIO
WARNING: [Designutils 20-3303] unexpected site type 'IOPAD' in HDPYFinalizeIO
INFO: [Common 17-14] Message 'Designutils 20-3303' appears 100 times and further instances of the messages will be disabled. Use the Tcl command set_msg_config to change the current settings.
INFO: [Vivado_Tcl 4-198] DRC finished with 0 Errors
INFO: [Vivado_Tcl 4-199] Please refer to the DRC report (report_drc) for more information.


Starting Routing Task
INFO: [Route 35-254] Multithreading enabled for route_design using a maximum of 8 CPUs
Checksum: PlaceDB: 6dca0718 ConstDB: 0 ShapeSum: 43ee219f RouteDB: 0

Phase 1 Build RT Design
Phase 1 Build RT Design | Checksum: a41846b2

Time (s): cpu = 00:00:20 ; elapsed = 00:00:18 . Memory (MB): peak = 2675.973 ; gain = 48.664 ; free physical = 262 ; free virtual = 9361
Post Restoration Checksum: NetGraph: 978065f9 NumContArr: c97e0b9 Constraints: 0 Timing: 0

Phase 2 Router Initialization

Phase 2.1 Create Timer
Phase 2.1 Create Timer | Checksum: a41846b2

Time (s): cpu = 00:00:20 ; elapsed = 00:00:18 . Memory (MB): peak = 2696.969 ; gain = 69.660 ; free physical = 236 ; free virtual = 9334

Phase 2.2 Fix Topology Constraints
Phase 2.2 Fix Topology Constraints | Checksum: a41846b2

Time (s): cpu = 00:00:20 ; elapsed = 00:00:18 . Memory (MB): peak = 2726.969 ; gain = 99.660 ; free physical = 204 ; free virtual = 9302

Phase 2.3 Pre Route Cleanup
Phase 2.3 Pre Route Cleanup | Checksum: a41846b2

Time (s): cpu = 00:00:20 ; elapsed = 00:00:18 . Memory (MB): peak = 2726.969 ; gain = 99.660 ; free physical = 204 ; free virtual = 9302
 Number of Nodes with overlaps = 0

Phase 2.4 Update Timing
Phase 2.4 Update Timing | Checksum: 1dac01a27

Time (s): cpu = 00:00:21 ; elapsed = 00:00:18 . Memory (MB): peak = 2753.023 ; gain = 125.715 ; free physical = 189 ; free virtual = 9291
INFO: [Route 35-416] Intermediate Timing Summary | WNS=3.554  | TNS=0.000  | WHS=-0.188 | THS=-26.057|

Phase 2 Router Initialization | Checksum: 1e2682805

Time (s): cpu = 00:00:21 ; elapsed = 00:00:18 . Memory (MB): peak = 2753.023 ; gain = 125.715 ; free physical = 190 ; free virtual = 9292

Phase 3 Initial Routing
Phase 3 Initial Routing | Checksum: 15acab0f7

Time (s): cpu = 00:00:22 ; elapsed = 00:00:19 . Memory (MB): peak = 2753.023 ; gain = 125.715 ; free physical = 191 ; free virtual = 9293

Phase 4 Rip-up And Reroute

Phase 4.1 Global Iteration 0
 Number of Nodes with overlaps = 127
 Number of Nodes with overlaps = 0
INFO: [Route 35-416] Intermediate Timing Summary | WNS=3.658  | TNS=0.000  | WHS=N/A    | THS=N/A    |

Phase 4.1 Global Iteration 0 | Checksum: 189372309

Time (s): cpu = 00:00:23 ; elapsed = 00:00:19 . Memory (MB): peak = 2753.023 ; gain = 125.715 ; free physical = 190 ; free virtual = 9292

Phase 4.2 Global Iteration 1
 Number of Nodes with overlaps = 1
 Number of Nodes with overlaps = 0
INFO: [Route 35-416] Intermediate Timing Summary | WNS=3.658  | TNS=0.000  | WHS=N/A    | THS=N/A    |

Phase 4.2 Global Iteration 1 | Checksum: 20f935ae1

Time (s): cpu = 00:00:23 ; elapsed = 00:00:19 . Memory (MB): peak = 2753.023 ; gain = 125.715 ; free physical = 190 ; free virtual = 9292
Phase 4 Rip-up And Reroute | Checksum: 20f935ae1

Time (s): cpu = 00:00:23 ; elapsed = 00:00:19 . Memory (MB): peak = 2753.023 ; gain = 125.715 ; free physical = 190 ; free virtual = 9292

Phase 5 Delay and Skew Optimization

Phase 5.1 Delay CleanUp
Phase 5.1 Delay CleanUp | Checksum: 20f935ae1

Time (s): cpu = 00:00:23 ; elapsed = 00:00:19 . Memory (MB): peak = 2753.023 ; gain = 125.715 ; free physical = 190 ; free virtual = 9292

Phase 5.2 Clock Skew Optimization
Phase 5.2 Clock Skew Optimization | Checksum: 20f935ae1

Time (s): cpu = 00:00:23 ; elapsed = 00:00:19 . Memory (MB): peak = 2753.023 ; gain = 125.715 ; free physical = 190 ; free virtual = 9292
Phase 5 Delay and Skew Optimization | Checksum: 20f935ae1

Time (s): cpu = 00:00:23 ; elapsed = 00:00:19 . Memory (MB): peak = 2753.023 ; gain = 125.715 ; free physical = 190 ; free virtual = 9292

Phase 6 Post Hold Fix

Phase 6.1 Hold Fix Iter

Phase 6.1.1 Update Timing
Phase 6.1.1 Update Timing | Checksum: 1c9890a9c

Time (s): cpu = 00:00:23 ; elapsed = 00:00:19 . Memory (MB): peak = 2753.023 ; gain = 125.715 ; free physical = 189 ; free virtual = 9291
INFO: [Route 35-416] Intermediate Timing Summary | WNS=3.672  | TNS=0.000  | WHS=0.044  | THS=0.000  |

Phase 6.1 Hold Fix Iter | Checksum: 2b47f989c

Time (s): cpu = 00:00:23 ; elapsed = 00:00:19 . Memory (MB): peak = 2753.023 ; gain = 125.715 ; free physical = 189 ; free virtual = 9291
Phase 6 Post Hold Fix | Checksum: 2b47f989c

Time (s): cpu = 00:00:23 ; elapsed = 00:00:19 . Memory (MB): peak = 2753.023 ; gain = 125.715 ; free physical = 189 ; free virtual = 9291

Phase 7 Route finalize

Router Utilization Summary
  Global Vertical Routing Utilization    = 0.19038 %
  Global Horizontal Routing Utilization  = 0.282877 %
  Routable Net Status*
  *Does not include unroutable nets such as driverless and loadless.
  Run report_route_status for detailed report.
  Number of Failed Nets               = 0
  Number of Unrouted Nets             = 0
  Number of Partially Routed Nets     = 0
  Number of Node Overlaps             = 0

Phase 7 Route finalize | Checksum: 2646a9c4c

Time (s): cpu = 00:00:23 ; elapsed = 00:00:19 . Memory (MB): peak = 2753.023 ; gain = 125.715 ; free physical = 189 ; free virtual = 9291

Phase 8 Verifying routed nets

 Verification completed successfully
Phase 8 Verifying routed nets | Checksum: 2646a9c4c

Time (s): cpu = 00:00:23 ; elapsed = 00:00:19 . Memory (MB): peak = 2753.023 ; gain = 125.715 ; free physical = 188 ; free virtual = 9290

Phase 9 Depositing Routes
Phase 9 Depositing Routes | Checksum: 28aafcefc

Time (s): cpu = 00:00:23 ; elapsed = 00:00:19 . Memory (MB): peak = 2753.023 ; gain = 125.715 ; free physical = 188 ; free virtual = 9290

Phase 10 Post Router Timing
INFO: [Route 35-57] Estimated Timing Summary | WNS=3.672  | TNS=0.000  | WHS=0.044  | THS=0.000  |

INFO: [Route 35-327] The final timing numbers are based on the router estimated timing analysis. For a complete and accurate timing signoff, please run report_timing_summary.
Phase 10 Post Router Timing | Checksum: 28aafcefc

Time (s): cpu = 00:00:23 ; elapsed = 00:00:19 . Memory (MB): peak = 2753.023 ; gain = 125.715 ; free physical = 188 ; free virtual = 9290
INFO: [Route 35-16] Router Completed Successfully

Time (s): cpu = 00:00:23 ; elapsed = 00:00:19 . Memory (MB): peak = 2753.023 ; gain = 125.715 ; free physical = 223 ; free virtual = 9324

Routing Is Done.
INFO: [Common 17-83] Releasing license: Implementation
79 Infos, 200 Warnings, 0 Critical Warnings and 0 Errors encountered.
route_design completed successfully
route_design: Time (s): cpu = 00:00:25 ; elapsed = 00:00:20 . Memory (MB): peak = 2753.023 ; gain = 125.715 ; free physical = 223 ; free virtual = 9324
Netlist sorting complete. Time (s): cpu = 00:00:00 ; elapsed = 00:00:00 . Memory (MB): peak = 2753.023 ; gain = 0.000 ; free physical = 223 ; free virtual = 9324
INFO: [Timing 38-480] Writing timing data to binary archive.
Writing placer database...
Netlist sorting complete. Time (s): cpu = 00:00:00 ; elapsed = 00:00:00.01 . Memory (MB): peak = 2753.023 ; gain = 0.000 ; free physical = 219 ; free virtual = 9323
Writing XDEF routing.
Writing XDEF routing logical nets.
Writing XDEF routing special nets.
Write XDEF Complete: Time (s): cpu = 00:00:00.37 ; elapsed = 00:00:00.11 . Memory (MB): peak = 2753.023 ; gain = 0.000 ; free physical = 216 ; free virtual = 9323
INFO: [Common 17-1381] The checkpoint '/home/jesterhead1924/Documents/embedded_systems/Labs/vivado-projects/lab2_interrupt/lab2_interrupt.runs/impl_1/arm_wrapper_routed.dcp' has been generated.
INFO: [runtcl-4] Executing : report_drc -file arm_wrapper_drc_routed.rpt -pb arm_wrapper_drc_routed.pb -rpx arm_wrapper_drc_routed.rpx
Command: report_drc -file arm_wrapper_drc_routed.rpt -pb arm_wrapper_drc_routed.pb -rpx arm_wrapper_drc_routed.rpx
INFO: [IP_Flow 19-1839] IP Catalog is up to date.
INFO: [DRC 23-27] Running DRC with 8 threads
INFO: [Coretcl 2-168] The results of DRC are in file /home/jesterhead1924/Documents/embedded_systems/Labs/vivado-projects/lab2_interrupt/lab2_interrupt.runs/impl_1/arm_wrapper_drc_routed.rpt.
report_drc completed successfully
INFO: [runtcl-4] Executing : report_methodology -file arm_wrapper_methodology_drc_routed.rpt -pb arm_wrapper_methodology_drc_routed.pb -rpx arm_wrapper_methodology_drc_routed.rpx
Command: report_methodology -file arm_wrapper_methodology_drc_routed.rpt -pb arm_wrapper_methodology_drc_routed.pb -rpx arm_wrapper_methodology_drc_routed.rpx
INFO: [Timing 38-35] Done setting XDC timing constraints.
INFO: [DRC 23-133] Running Methodology with 8 threads
INFO: [Coretcl 2-1520] The results of Report Methodology are in file /home/jesterhead1924/Documents/embedded_systems/Labs/vivado-projects/lab2_interrupt/lab2_interrupt.runs/impl_1/arm_wrapper_methodology_drc_routed.rpt.
report_methodology completed successfully
INFO: [runtcl-4] Executing : report_power -file arm_wrapper_power_routed.rpt -pb arm_wrapper_power_summary_routed.pb -rpx arm_wrapper_power_routed.rpx
Command: report_power -file arm_wrapper_power_routed.rpt -pb arm_wrapper_power_summary_routed.pb -rpx arm_wrapper_power_routed.rpx
INFO: [Timing 38-35] Done setting XDC timing constraints.
Running Vector-less Activity Propagation...

Finished Running Vector-less Activity Propagation
91 Infos, 200 Warnings, 0 Critical Warnings and 0 Errors encountered.
report_power completed successfully
INFO: [runtcl-4] Executing : report_route_status -file arm_wrapper_route_status.rpt -pb arm_wrapper_route_status.pb
INFO: [runtcl-4] Executing : report_timing_summary -max_paths 10 -file arm_wrapper_timing_summary_routed.rpt -pb arm_wrapper_timing_summary_routed.pb -rpx arm_wrapper_timing_summary_routed.rpx -warn_on_violation 
INFO: [Timing 38-91] UpdateTimingParams: Speed grade: -1, Delay Type: min_max.
INFO: [Timing 38-191] Multithreading enabled for timing update using a maximum of 8 CPUs
INFO: [runtcl-4] Executing : report_incremental_reuse -file arm_wrapper_incremental_reuse_routed.rpt
INFO: [Vivado_Tcl 4-1062] Incremental flow is disabled. No incremental reuse Info to report.
INFO: [runtcl-4] Executing : report_clock_utilization -file arm_wrapper_clock_utilization_routed.rpt
INFO: [runtcl-4] Executing : report_bus_skew -warn_on_violation -file arm_wrapper_bus_skew_routed.rpt -pb arm_wrapper_bus_skew_routed.pb -rpx arm_wrapper_bus_skew_routed.rpx
INFO: [Timing 38-91] UpdateTimingParams: Speed grade: -1, Delay Type: min_max.
INFO: [Timing 38-191] Multithreading enabled for timing update using a maximum of 8 CPUs
Command: write_bitstream -force arm_wrapper.bit
Attempting to get a license for feature 'Implementation' and/or device 'xc7z020'
INFO: [Common 17-349] Got license for feature 'Implementation' and/or device 'xc7z020'
Running DRC as a precondition to command write_bitstream
INFO: [IP_Flow 19-1839] IP Catalog is up to date.
INFO: [DRC 23-27] Running DRC with 8 threads
WARNING: [Designutils 20-3303] unexpected site type 'IOPAD' in HDPYFinalizeIO
WARNING: [Designutils 20-3303] unexpected site type 'IOPAD' in HDPYFinalizeIO
WARNING: [Designutils 20-3303] unexpected site type 'IOPAD' in HDPYFinalizeIO
WARNING: [Designutils 20-3303] unexpected site type 'IOPAD' in HDPYFinalizeIO
WARNING: [Designutils 20-3303] unexpected site type 'IOPAD' in HDPYFinalizeIO
WARNING: [Designutils 20-3303] unexpected site type 'IOPAD' in HDPYFinalizeIO
WARNING: [Designutils 20-3303] unexpected site type 'IOPAD' in HDPYFinalizeIO
WARNING: [Designutils 20-3303] unexpected site type 'IOPAD' in HDPYFinalizeIO
WARNING: [Designutils 20-3303] unexpected site type 'IOPAD' in HDPYFinalizeIO
WARNING: [Designutils 20-3303] unexpected site type 'IOPAD' in HDPYFinalizeIO
WARNING: [Designutils 20-3303] unexpected site type 'IOPAD' in HDPYFinalizeIO
WARNING: [Designutils 20-3303] unexpected site type 'IOPAD' in HDPYFinalizeIO
WARNING: [Designutils 20-3303] unexpected site type 'IOPAD' in HDPYFinalizeIO
WARNING: [Designutils 20-3303] unexpected site type 'IOPAD' in HDPYFinalizeIO
WARNING: [Designutils 20-3303] unexpected site type 'IOPAD' in HDPYFinalizeIO
WARNING: [Designutils 20-3303] unexpected site type 'IOPAD' in HDPYFinalizeIO
WARNING: [Designutils 20-3303] unexpected site type 'IOPAD' in HDPYFinalizeIO
WARNING: [Designutils 20-3303] unexpected site type 'IOPAD' in HDPYFinalizeIO
WARNING: [Designutils 20-3303] unexpected site type 'IOPAD' in HDPYFinalizeIO
WARNING: [Designutils 20-3303] unexpected site type 'IOPAD' in HDPYFinalizeIO
WARNING: [Designutils 20-3303] unexpected site type 'IOPAD' in HDPYFinalizeIO
WARNING: [Designutils 20-3303] unexpected site type 'IOPAD' in HDPYFinalizeIO
WARNING: [Designutils 20-3303] unexpected site type 'IOPAD' in HDPYFinalizeIO
WARNING: [Designutils 20-3303] unexpected site type 'IOPAD' in HDPYFinalizeIO
WARNING: [Designutils 20-3303] unexpected site type 'IOPAD' in HDPYFinalizeIO
WARNING: [Designutils 20-3303] unexpected site type 'IOPAD' in HDPYFinalizeIO
WARNING: [Designutils 20-3303] unexpected site type 'IOPAD' in HDPYFinalizeIO
WARNING: [Designutils 20-3303] unexpected site type 'IOPAD' in HDPYFinalizeIO
WARNING: [Designutils 20-3303] unexpected site type 'IOPAD' in HDPYFinalizeIO
WARNING: [Designutils 20-3303] unexpected site type 'IOPAD' in HDPYFinalizeIO
WARNING: [Designutils 20-3303] unexpected site type 'IOPAD' in HDPYFinalizeIO
WARNING: [Designutils 20-3303] unexpected site type 'IOPAD' in HDPYFinalizeIO
WARNING: [Designutils 20-3303] unexpected site type 'IOPAD' in HDPYFinalizeIO
WARNING: [Designutils 20-3303] unexpected site type 'IOPAD' in HDPYFinalizeIO
WARNING: [Designutils 20-3303] unexpected site type 'IOPAD' in HDPYFinalizeIO
WARNING: [Designutils 20-3303] unexpected site type 'IOPAD' in HDPYFinalizeIO
WARNING: [Designutils 20-3303] unexpected site type 'IOPAD' in HDPYFinalizeIO
WARNING: [Designutils 20-3303] unexpected site type 'IOPAD' in HDPYFinalizeIO
WARNING: [Designutils 20-3303] unexpected site type 'IOPAD' in HDPYFinalizeIO
WARNING: [Designutils 20-3303] unexpected site type 'IOPAD' in HDPYFinalizeIO
WARNING: [Designutils 20-3303] unexpected site type 'IOPAD' in HDPYFinalizeIO
WARNING: [Designutils 20-3303] unexpected site type 'IOPAD' in HDPYFinalizeIO
WARNING: [Designutils 20-3303] unexpected site type 'IOPAD' in HDPYFinalizeIO
WARNING: [Designutils 20-3303] unexpected site type 'IOPAD' in HDPYFinalizeIO
WARNING: [Designutils 20-3303] unexpected site type 'IOPAD' in HDPYFinalizeIO
WARNING: [Designutils 20-3303] unexpected site type 'IOPAD' in HDPYFinalizeIO
WARNING: [Designutils 20-3303] unexpected site type 'IOPAD' in HDPYFinalizeIO
WARNING: [Designutils 20-3303] unexpected site type 'IOPAD' in HDPYFinalizeIO
WARNING: [Designutils 20-3303] unexpected site type 'IOPAD' in HDPYFinalizeIO
WARNING: [Designutils 20-3303] unexpected site type 'IOPAD' in HDPYFinalizeIO
WARNING: [Designutils 20-3303] unexpected site type 'IOPAD' in HDPYFinalizeIO
WARNING: [Designutils 20-3303] unexpected site type 'IOPAD' in HDPYFinalizeIO
WARNING: [Designutils 20-3303] unexpected site type 'IOPAD' in HDPYFinalizeIO
WARNING: [Designutils 20-3303] unexpected site type 'IOPAD' in HDPYFinalizeIO
WARNING: [Designutils 20-3303] unexpected site type 'IOPAD' in HDPYFinalizeIO
WARNING: [Designutils 20-3303] unexpected site type 'IOPAD' in HDPYFinalizeIO
WARNING: [Designutils 20-3303] unexpected site type 'IOPAD' in HDPYFinalizeIO
WARNING: [Designutils 20-3303] unexpected site type 'IOPAD' in HDPYFinalizeIO
WARNING: [Designutils 20-3303] unexpected site type 'IOPAD' in HDPYFinalizeIO
WARNING: [Designutils 20-3303] unexpected site type 'IOPAD' in HDPYFinalizeIO
WARNING: [Designutils 20-3303] unexpected site type 'IOPAD' in HDPYFinalizeIO
WARNING: [Designutils 20-3303] unexpected site type 'IOPAD' in HDPYFinalizeIO
WARNING: [Designutils 20-3303] unexpected site type 'IOPAD' in HDPYFinalizeIO
WARNING: [Designutils 20-3303] unexpected site type 'IOPAD' in HDPYFinalizeIO
WARNING: [Designutils 20-3303] unexpected site type 'IOPAD' in HDPYFinalizeIO
WARNING: [Designutils 20-3303] unexpected site type 'IOPAD' in HDPYFinalizeIO
WARNING: [Designutils 20-3303] unexpected site type 'IOPAD' in HDPYFinalizeIO
WARNING: [Designutils 20-3303] unexpected site type 'IOPAD' in HDPYFinalizeIO
WARNING: [Designutils 20-3303] unexpected site type 'IOPAD' in HDPYFinalizeIO
WARNING: [Designutils 20-3303] unexpected site type 'IOPAD' in HDPYFinalizeIO
WARNING: [Designutils 20-3303] unexpected site type 'IOPAD' in HDPYFinalizeIO
WARNING: [Designutils 20-3303] unexpected site type 'IOPAD' in HDPYFinalizeIO
WARNING: [Designutils 20-3303] unexpected site type 'IOPAD' in HDPYFinalizeIO
WARNING: [Designutils 20-3303] unexpected site type 'IOPAD' in HDPYFinalizeIO
WARNING: [Designutils 20-3303] unexpected site type 'IOPAD' in HDPYFinalizeIO
WARNING: [Designutils 20-3303] unexpected site type 'IOPAD' in HDPYFinalizeIO
WARNING: [Designutils 20-3303] unexpected site type 'IOPAD' in HDPYFinalizeIO
WARNING: [Designutils 20-3303] unexpected site type 'IOPAD' in HDPYFinalizeIO
WARNING: [Designutils 20-3303] unexpected site type 'IOPAD' in HDPYFinalizeIO
WARNING: [Designutils 20-3303] unexpected site type 'IOPAD' in HDPYFinalizeIO
WARNING: [Designutils 20-3303] unexpected site type 'IOPAD' in HDPYFinalizeIO
WARNING: [Designutils 20-3303] unexpected site type 'IOPAD' in HDPYFinalizeIO
WARNING: [Designutils 20-3303] unexpected site type 'IOPAD' in HDPYFinalizeIO
WARNING: [Designutils 20-3303] unexpected site type 'IOPAD' in HDPYFinalizeIO
WARNING: [Designutils 20-3303] unexpected site type 'IOPAD' in HDPYFinalizeIO
WARNING: [Designutils 20-3303] unexpected site type 'IOPAD' in HDPYFinalizeIO
WARNING: [Designutils 20-3303] unexpected site type 'IOPAD' in HDPYFinalizeIO
WARNING: [Designutils 20-3303] unexpected site type 'IOPAD' in HDPYFinalizeIO
WARNING: [Designutils 20-3303] unexpected site type 'IOPAD' in HDPYFinalizeIO
WARNING: [Designutils 20-3303] unexpected site type 'IOPAD' in HDPYFinalizeIO
WARNING: [Designutils 20-3303] unexpected site type 'IOPAD' in HDPYFinalizeIO
WARNING: [Designutils 20-3303] unexpected site type 'IOPAD' in HDPYFinalizeIO
WARNING: [Designutils 20-3303] unexpected site type 'IOPAD' in HDPYFinalizeIO
WARNING: [Designutils 20-3303] unexpected site type 'IOPAD' in HDPYFinalizeIO
WARNING: [Designutils 20-3303] unexpected site type 'IOPAD' in HDPYFinalizeIO
WARNING: [Designutils 20-3303] unexpected site type 'IOPAD' in HDPYFinalizeIO
WARNING: [Designutils 20-3303] unexpected site type 'IOPAD' in HDPYFinalizeIO
WARNING: [Designutils 20-3303] unexpected site type 'IOPAD' in HDPYFinalizeIO
WARNING: [Designutils 20-3303] unexpected site type 'IOPAD' in HDPYFinalizeIO
WARNING: [Designutils 20-3303] unexpected site type 'IOPAD' in HDPYFinalizeIO
INFO: [Common 17-14] Message 'Designutils 20-3303' appears 100 times and further instances of the messages will be disabled. Use the Tcl command set_msg_config to change the current settings.
INFO: [Vivado 12-3199] DRC finished with 0 Errors
INFO: [Vivado 12-3200] Please refer to the DRC report (report_drc) for more information.
INFO: [Designutils 20-2272] Running write_bitstream with 8 threads.
Loading data files...
Loading site data...
Loading route data...
Processing options...
Creating bitmap...
Creating bitstream...
Writing bitstream ./arm_wrapper.bit...
INFO: [Vivado 12-1842] Bitgen Completed Successfully.
INFO: [Project 1-120] WebTalk data collection is mandatory when using a WebPACK part without a full Vivado license. To see the specific WebTalk data collected for your design, open the usage_statistics_webtalk.html or usage_statistics_webtalk.xml file in the implementation directory.
INFO: [Common 17-83] Releasing license: Implementation
111 Infos, 300 Warnings, 0 Critical Warnings and 0 Errors encountered.
write_bitstream completed successfully
write_bitstream: Time (s): cpu = 00:00:13 ; elapsed = 00:00:14 . Memory (MB): peak = 3102.367 ; gain = 244.258 ; free physical = 467 ; free virtual = 9318
INFO: [Common 17-206] Exiting Vivado at Tue Mar 12 10:39:18 2019...
