Copyright 1986-2018 Xilinx, Inc. All Rights Reserved.
----------------------------------------------------------------------------------------
| Tool Version : Vivado v.2018.3 (lin64) Build 2405991 Thu Dec  6 23:36:41 MST 2018
| Date         : Tue Mar  5 10:54:16 2019
| Host         : localhost.localdomain running 64-bit Fedora release 29 (Twenty Nine)
| Command      : report_control_sets -verbose -file arm_wrapper_control_sets_placed.rpt
| Design       : arm_wrapper
| Device       : xc7z020
----------------------------------------------------------------------------------------

Control Set Information

Table of Contents
-----------------
1. Summary
2. Histogram
3. Flip-Flop Distribution
4. Detailed Control Set Information

1. Summary
----------

+----------------------------------------------------------+-------+
|                          Status                          | Count |
+----------------------------------------------------------+-------+
| Number of unique control sets                            |    46 |
| Unused register locations in slices containing registers |   128 |
+----------------------------------------------------------+-------+


2. Histogram
------------

+--------+--------------+
| Fanout | Control Sets |
+--------+--------------+
|      1 |            1 |
|      2 |            1 |
|      4 |            9 |
|      5 |            5 |
|      6 |            2 |
|      8 |            3 |
|      9 |            1 |
|     10 |            1 |
|     11 |            1 |
|     12 |            4 |
|     13 |            1 |
|     14 |            2 |
|    16+ |           15 |
+--------+--------------+


3. Flip-Flop Distribution
-------------------------

+--------------+-----------------------+------------------------+-----------------+--------------+
| Clock Enable | Synchronous Set/Reset | Asynchronous Set/Reset | Total Registers | Total Slices |
+--------------+-----------------------+------------------------+-----------------+--------------+
| No           | No                    | No                     |             229 |           74 |
| No           | No                    | Yes                    |               0 |            0 |
| No           | Yes                   | No                     |              99 |           38 |
| Yes          | No                    | No                     |             443 |          100 |
| Yes          | No                    | Yes                    |               0 |            0 |
| Yes          | Yes                   | No                     |              93 |           26 |
+--------------+-----------------------+------------------------+-----------------+--------------+


4. Detailed Control Set Information
-----------------------------------

+--------------------------------------------+-----------------------------------------------------------------------------------------------------------------------------------------------------------+--------------------------------------------------------------------------------------------------------------------------------------------------+------------------+----------------+
|                Clock Signal                |                                                                       Enable Signal                                                                       |                                                                 Set/Reset Signal                                                                 | Slice Load Count | Bel Load Count |
+--------------------------------------------+-----------------------------------------------------------------------------------------------------------------------------------------------------------+--------------------------------------------------------------------------------------------------------------------------------------------------+------------------+----------------+
|  arm_i/processing_system7_0/inst/FCLK_CLK0 | arm_i/ps7_0_axi_periph/s00_couplers/auto_pc/inst/gen_axilite.gen_b2s_conv.axilite_b2s/WR.aw_channel_0/aw_cmd_fsm_0/m_axi_awready_1                        | arm_i/ps7_0_axi_periph/s00_couplers/auto_pc/inst/gen_axilite.gen_b2s_conv.axilite_b2s/WR.aw_channel_0/aw_cmd_fsm_0/m_axi_awready_0               |                1 |              1 |
|  arm_i/processing_system7_0/inst/FCLK_CLK0 | arm_i/ps7_0_axi_periph/s00_couplers/auto_pc/inst/gen_axilite.gen_b2s_conv.axilite_b2s/WR.b_channel_0/bid_fifo_0/sel                                       |                                                                                                                                                  |                1 |              2 |
|  arm_i/processing_system7_0/inst/FCLK_CLK0 |                                                                                                                                                           | arm_i/sw_8bit/U0/AXI_LITE_IPIF_I/I_SLAVE_ATTACHMENT/clear                                                                                        |                1 |              4 |
|  arm_i/processing_system7_0/inst/FCLK_CLK0 |                                                                                                                                                           | arm_i/btns_5bit/U0/AXI_LITE_IPIF_I/I_SLAVE_ATTACHMENT/clear                                                                                      |                1 |              4 |
|  arm_i/processing_system7_0/inst/FCLK_CLK0 | arm_i/sw_8bit/U0/AXI_LITE_IPIF_I/I_SLAVE_ATTACHMENT/bus2ip_addr_i[8]_i_1_n_0                                                                              | arm_i/sw_8bit/U0/AXI_LITE_IPIF_I/I_SLAVE_ATTACHMENT/SR[0]                                                                                        |                1 |              4 |
|  arm_i/processing_system7_0/inst/FCLK_CLK0 |                                                                                                                                                           | arm_i/ps7_0_axi_periph/s00_couplers/auto_pc/inst/gen_axilite.gen_b2s_conv.axilite_b2s/SI_REG/ar.ar_pipe/aresetn_d_reg[1]_inv_0                   |                4 |              4 |
|  arm_i/processing_system7_0/inst/FCLK_CLK0 |                                                                                                                                                           | arm_i/ps7_0_axi_periph/s00_couplers/auto_pc/inst/gen_axilite.gen_b2s_conv.axilite_b2s/SI_REG/aw.aw_pipe/aresetn_d_reg[0]_0                       |                3 |              4 |
|  arm_i/processing_system7_0/inst/FCLK_CLK0 | arm_i/btns_5bit/U0/AXI_LITE_IPIF_I/I_SLAVE_ATTACHMENT/bus2ip_addr_i[8]_i_1_n_0                                                                            | arm_i/btns_5bit/U0/AXI_LITE_IPIF_I/I_SLAVE_ATTACHMENT/SR[0]                                                                                      |                1 |              4 |
|  arm_i/processing_system7_0/inst/FCLK_CLK0 |                                                                                                                                                           | arm_i/rst_ps7_0_100M/U0/EXT_LPF/lpf_int                                                                                                          |                3 |              4 |
|  arm_i/processing_system7_0/inst/FCLK_CLK0 | arm_i/btns_5bit/U0/AXI_LITE_IPIF_I/I_SLAVE_ATTACHMENT/start2                                                                                              | arm_i/btns_5bit/U0/AXI_LITE_IPIF_I/I_SLAVE_ATTACHMENT/I_DECODER/cs_ce_clr                                                                        |                1 |              4 |
|  arm_i/processing_system7_0/inst/FCLK_CLK0 | arm_i/sw_8bit/U0/AXI_LITE_IPIF_I/I_SLAVE_ATTACHMENT/start2                                                                                                | arm_i/sw_8bit/U0/AXI_LITE_IPIF_I/I_SLAVE_ATTACHMENT/I_DECODER/cs_ce_clr                                                                          |                1 |              4 |
|  arm_i/processing_system7_0/inst/FCLK_CLK0 | arm_i/ps7_0_axi_periph/s00_couplers/auto_pc/inst/gen_axilite.gen_b2s_conv.axilite_b2s/RD.ar_channel_0/ar_cmd_fsm_0/m_valid_i_reg                          | arm_i/ps7_0_axi_periph/s00_couplers/auto_pc/inst/gen_axilite.gen_b2s_conv.axilite_b2s/RD.ar_channel_0/ar_cmd_fsm_0/FSM_sequential_state_reg[0]_0 |                2 |              5 |
|  arm_i/processing_system7_0/inst/FCLK_CLK0 | arm_i/ps7_0_axi_periph/s00_couplers/auto_pc/inst/gen_axilite.gen_b2s_conv.axilite_b2s/RD.r_channel_0/rd_data_fifo_0/E[0]                                  | arm_i/ps7_0_axi_periph/s00_couplers/auto_pc/inst/gen_axilite.gen_b2s_conv.axilite_b2s/areset_d1                                                  |                2 |              5 |
|  arm_i/processing_system7_0/inst/FCLK_CLK0 | arm_i/ps7_0_axi_periph/s00_couplers/auto_pc/inst/gen_axilite.gen_b2s_conv.axilite_b2s/RD.r_channel_0/rd_data_fifo_0/cnt_read[4]_i_1_n_0                   | arm_i/ps7_0_axi_periph/s00_couplers/auto_pc/inst/gen_axilite.gen_b2s_conv.axilite_b2s/areset_d1                                                  |                1 |              5 |
|  arm_i/processing_system7_0/inst/FCLK_CLK0 | arm_i/btns_5bit/U0/AXI_LITE_IPIF_I/I_SLAVE_ATTACHMENT/I_DECODER/bus2ip_rnw_i_reg[0]                                                                       | arm_i/btns_5bit/U0/AXI_LITE_IPIF_I/I_SLAVE_ATTACHMENT/SR[0]                                                                                      |                2 |              5 |
|  arm_i/processing_system7_0/inst/FCLK_CLK0 |                                                                                                                                                           | arm_i/btns_5bit/U0/AXI_LITE_IPIF_I/I_SLAVE_ATTACHMENT/I_DECODER/bus2ip_rnw_i_reg_0                                                               |                2 |              5 |
|  arm_i/processing_system7_0/inst/FCLK_CLK0 | arm_i/rst_ps7_0_100M/U0/SEQ/seq_cnt_en                                                                                                                    | arm_i/rst_ps7_0_100M/U0/SEQ/SEQ_COUNTER/clear                                                                                                    |                1 |              6 |
|  arm_i/processing_system7_0/inst/FCLK_CLK0 | arm_i/btns_5bit/U0/AXI_LITE_IPIF_I/I_SLAVE_ATTACHMENT/s_axi_rresp_i                                                                                       | arm_i/btns_5bit/U0/AXI_LITE_IPIF_I/I_SLAVE_ATTACHMENT/SR[0]                                                                                      |                1 |              6 |
|  arm_i/processing_system7_0/inst/FCLK_CLK0 | arm_i/sw_8bit/U0/AXI_LITE_IPIF_I/I_SLAVE_ATTACHMENT/I_DECODER/bus2ip_rnw_i_reg[0]                                                                         | arm_i/sw_8bit/U0/AXI_LITE_IPIF_I/I_SLAVE_ATTACHMENT/SR[0]                                                                                        |                2 |              8 |
|  arm_i/processing_system7_0/inst/FCLK_CLK0 |                                                                                                                                                           | arm_i/sw_8bit/U0/AXI_LITE_IPIF_I/I_SLAVE_ATTACHMENT/I_DECODER/bus2ip_rnw_i_reg_0                                                                 |                2 |              8 |
|  arm_i/processing_system7_0/inst/FCLK_CLK0 | arm_i/ps7_0_axi_periph/s00_couplers/auto_pc/inst/gen_axilite.gen_b2s_conv.axilite_b2s/WR.b_channel_0/mhandshake_r                                         | arm_i/ps7_0_axi_periph/s00_couplers/auto_pc/inst/gen_axilite.gen_b2s_conv.axilite_b2s/WR.b_channel_0/bid_fifo_0/SR[0]                            |                2 |              8 |
|  arm_i/processing_system7_0/inst/FCLK_CLK0 | arm_i/sw_8bit/U0/AXI_LITE_IPIF_I/I_SLAVE_ATTACHMENT/s_axi_rresp_i                                                                                         | arm_i/sw_8bit/U0/AXI_LITE_IPIF_I/I_SLAVE_ATTACHMENT/SR[0]                                                                                        |                2 |              9 |
|  arm_i/processing_system7_0/inst/FCLK_CLK0 |                                                                                                                                                           | arm_i/ps7_0_axi_periph/s00_couplers/auto_pc/inst/gen_axilite.gen_b2s_conv.axilite_b2s/areset_d1                                                  |                4 |             10 |
|  arm_i/processing_system7_0/inst/FCLK_CLK0 |                                                                                                                                                           | arm_i/ps7_0_axi_periph/xbar/inst/gen_sasd.crossbar_sasd_0/addr_arbiter_inst/SR[0]                                                                |                4 |             11 |
|  arm_i/processing_system7_0/inst/FCLK_CLK0 | arm_i/ps7_0_axi_periph/s00_couplers/auto_pc/inst/gen_axilite.gen_b2s_conv.axilite_b2s/RD.ar_channel_0/ar_cmd_fsm_0/E[0]                                   |                                                                                                                                                  |                3 |             12 |
|  arm_i/processing_system7_0/inst/FCLK_CLK0 | arm_i/ps7_0_axi_periph/s00_couplers/auto_pc/inst/gen_axilite.gen_b2s_conv.axilite_b2s/WR.aw_channel_0/aw_cmd_fsm_0/E[0]                                   |                                                                                                                                                  |                5 |             12 |
|  arm_i/processing_system7_0/inst/FCLK_CLK0 | arm_i/ps7_0_axi_periph/s00_couplers/auto_pc/inst/gen_axilite.gen_b2s_conv.axilite_b2s/WR.aw_channel_0/cmd_translator_0/incr_cmd_0/axaddr_incr[11]_i_1_n_0 |                                                                                                                                                  |                3 |             12 |
|  arm_i/processing_system7_0/inst/FCLK_CLK0 | arm_i/ps7_0_axi_periph/s00_couplers/auto_pc/inst/gen_axilite.gen_b2s_conv.axilite_b2s/RD.ar_channel_0/ar_cmd_fsm_0/sel_first_reg[0]                       |                                                                                                                                                  |                2 |             12 |
|  arm_i/processing_system7_0/inst/FCLK_CLK0 | arm_i/ps7_0_axi_periph/s00_couplers/auto_pc/inst/gen_axilite.gen_b2s_conv.axilite_b2s/RD.r_channel_0/r_push_r                                             |                                                                                                                                                  |                4 |             13 |
|  arm_i/processing_system7_0/inst/FCLK_CLK0 | arm_i/ps7_0_axi_periph/s00_couplers/auto_pc/inst/gen_axilite.gen_b2s_conv.axilite_b2s/SI_REG/b.b_pipe/s_ready_i_reg_0                                     |                                                                                                                                                  |                3 |             14 |
|  arm_i/processing_system7_0/inst/FCLK_CLK0 | arm_i/ps7_0_axi_periph/s00_couplers/auto_pc/inst/gen_axilite.gen_b2s_conv.axilite_b2s/SI_REG/b.b_pipe/p_1_in                                              |                                                                                                                                                  |                2 |             14 |
|  arm_i/processing_system7_0/inst/FCLK_CLK0 | arm_i/ps7_0_axi_periph/s00_couplers/auto_pc/inst/gen_axilite.gen_b2s_conv.axilite_b2s/WR.aw_channel_0/aw_cmd_fsm_0/b_push                                 |                                                                                                                                                  |                3 |             16 |
|  arm_i/processing_system7_0/inst/FCLK_CLK0 | arm_i/ps7_0_axi_periph/xbar/inst/gen_sasd.crossbar_sasd_0/addr_arbiter_inst/p_0_in1_in                                                                    | arm_i/ps7_0_axi_periph/xbar/inst/gen_sasd.crossbar_sasd_0/addr_arbiter_inst/SR[0]                                                                |                6 |             19 |
|  arm_i/processing_system7_0/inst/FCLK_CLK0 | arm_i/ps7_0_axi_periph/s00_couplers/auto_pc/inst/gen_axilite.gen_b2s_conv.axilite_b2s/RD.ar_channel_0/ar_cmd_fsm_0/m_valid_i_reg                          |                                                                                                                                                  |                7 |             21 |
|  arm_i/processing_system7_0/inst/FCLK_CLK0 |                                                                                                                                                           | arm_i/btns_5bit/U0/AXI_LITE_IPIF_I/I_SLAVE_ATTACHMENT/SR[0]                                                                                      |                6 |             21 |
|  arm_i/processing_system7_0/inst/FCLK_CLK0 |                                                                                                                                                           | arm_i/sw_8bit/U0/AXI_LITE_IPIF_I/I_SLAVE_ATTACHMENT/SR[0]                                                                                        |                8 |             24 |
|  arm_i/processing_system7_0/inst/FCLK_CLK0 | arm_i/ps7_0_axi_periph/s00_couplers/auto_pc/inst/gen_axilite.gen_b2s_conv.axilite_b2s/WR.aw_channel_0/aw_cmd_fsm_0/m_axi_awready_1                        |                                                                                                                                                  |                8 |             25 |
|  arm_i/processing_system7_0/inst/FCLK_CLK0 | arm_i/ps7_0_axi_periph/s00_couplers/auto_pc/inst/gen_axilite.gen_b2s_conv.axilite_b2s/RD.r_channel_0/rd_data_fifo_0/wr_en0                                |                                                                                                                                                  |                9 |             34 |
|  arm_i/processing_system7_0/inst/FCLK_CLK0 | arm_i/ps7_0_axi_periph/xbar/inst/gen_sasd.crossbar_sasd_0/addr_arbiter_inst/E[0]                                                                          |                                                                                                                                                  |               12 |             35 |
|  arm_i/processing_system7_0/inst/FCLK_CLK0 | arm_i/ps7_0_axi_periph/s00_couplers/auto_pc/inst/gen_axilite.gen_b2s_conv.axilite_b2s/SI_REG/r.r_pipe/p_1_in                                              |                                                                                                                                                  |                9 |             47 |
|  arm_i/processing_system7_0/inst/FCLK_CLK0 | arm_i/ps7_0_axi_periph/s00_couplers/auto_pc/inst/gen_axilite.gen_b2s_conv.axilite_b2s/SI_REG/r.r_pipe/s_ready_i_reg_0                                     |                                                                                                                                                  |                8 |             47 |
|  arm_i/processing_system7_0/inst/FCLK_CLK0 | arm_i/ps7_0_axi_periph/s00_couplers/auto_pc/inst/gen_axilite.gen_b2s_conv.axilite_b2s/SI_REG/ar.ar_pipe/s_ready_i_reg_0                                   |                                                                                                                                                  |               12 |             48 |
|  arm_i/processing_system7_0/inst/FCLK_CLK0 | arm_i/ps7_0_axi_periph/s00_couplers/auto_pc/inst/gen_axilite.gen_b2s_conv.axilite_b2s/SI_REG/aw.aw_pipe/s_ready_i_reg_0                                   |                                                                                                                                                  |                8 |             48 |
|  arm_i/processing_system7_0/inst/FCLK_CLK0 | arm_i/ps7_0_axi_periph/s00_couplers/auto_pc/inst/gen_axilite.gen_b2s_conv.axilite_b2s/WR.aw_channel_0/aw_cmd_fsm_0/m_valid_i_reg[0]                       |                                                                                                                                                  |                8 |             48 |
|  arm_i/processing_system7_0/inst/FCLK_CLK0 | arm_i/ps7_0_axi_periph/s00_couplers/auto_pc/inst/gen_axilite.gen_b2s_conv.axilite_b2s/RD.ar_channel_0/ar_cmd_fsm_0/FSM_sequential_state_reg[1]_0[0]       |                                                                                                                                                  |               10 |             48 |
|  arm_i/processing_system7_0/inst/FCLK_CLK0 |                                                                                                                                                           |                                                                                                                                                  |               75 |            230 |
+--------------------------------------------+-----------------------------------------------------------------------------------------------------------------------------------------------------------+--------------------------------------------------------------------------------------------------------------------------------------------------+------------------+----------------+


