20:46:28 **** Build of configuration Debug for project CoreMark ****
make pre-build main-build 
a9-linaro-pre-build-step
 
Building file: ../src/code/test.c
Invoking: ARM v7 gcc compiler
arm-none-eabi-gcc -DITERATIONS=200000 -DPERFORMANCE_RUN=1 -DCOMPILER_FLAGS=\"-O3\" -Wall -O3 -g3 -c -fmessage-length=0 -MT"src/code/test.o" -mcpu=cortex-a9 -mfpu=vfpv3 -mfloat-abi=hard -I../../CoreMark_bsp/ps7_cortexa9_0/include -MMD -MP -MF"src/code/test.d" -MT"src/code/test.o" -o "src/code/test.o" "../src/code/test.c"
../src/code/test.c: In function 'main':
../src/code/test.c:20:2: warning: implicit declaration of function 'start_timer'; did you mean 'start_time'? [-Wimplicit-function-declaration]
  start_timer();
  ^~~~~~~~~~~
  start_time
../src/code/test.c:43:2: warning: implicit declaration of function 'stop_timer'; did you mean 'stop_time'? [-Wimplicit-function-declaration]
  stop_timer();
  ^~~~~~~~~~
  stop_time
../src/code/test.c:44:16: warning: implicit declaration of function 'read_timer'; did you mean 'get_time'? [-Wimplicit-function-declaration]
  time_result = read_timer();
                ^~~~~~~~~~
                get_time
../src/code/test.c:48:3: warning: implicit declaration of function 'xil_printf'; did you mean 'viprintf'? [-Wimplicit-function-declaration]
   xil_printf("| %d |  |", in_vector[i]);
   ^~~~~~~~~~
   viprintf
Finished building: ../src/code/test.c
 
Building file: ../src/core_list_join.c
Invoking: ARM v7 gcc compiler
arm-none-eabi-gcc -DITERATIONS=200000 -DPERFORMANCE_RUN=1 -DCOMPILER_FLAGS=\"-O3\" -Wall -O3 -g3 -c -fmessage-length=0 -MT"src/core_list_join.o" -mcpu=cortex-a9 -mfpu=vfpv3 -mfloat-abi=hard -I../../CoreMark_bsp/ps7_cortexa9_0/include -MMD -MP -MF"src/core_list_join.d" -MT"src/core_list_join.o" -o "src/core_list_join.o" "../src/core_list_join.c"
../src/core_list_join.c: In function 'core_bench_list':
../src/core_list_join.c:139:12: warning: 'info.data16' may be used uninitialized in this function [-Wmaybe-uninitialized]
  list_data info;
            ^~~~
Finished building: ../src/core_list_join.c
 
Building file: ../src/core_main.c
Invoking: ARM v7 gcc compiler
arm-none-eabi-gcc -DITERATIONS=200000 -DPERFORMANCE_RUN=1 -DCOMPILER_FLAGS=\"-O3\" -Wall -O3 -g3 -c -fmessage-length=0 -MT"src/core_main.o" -mcpu=cortex-a9 -mfpu=vfpv3 -mfloat-abi=hard -I../../CoreMark_bsp/ps7_cortexa9_0/include -MMD -MP -MF"src/core_main.d" -MT"src/core_main.o" -o "src/core_main.o" "../src/core_main.c"
../src/core_main.c: In function 'main':
../src/core_main.c:287:34: warning: format '%lu' expects argument of type 'long unsigned int', but argument 2 has type 'unsigned int' [-Wformat=]
  ee_printf("CoreMark Size    : %lu\n",(ee_u32)results[0].size);
                                ~~^    ~~~~~~~~~~~~~~~~~~~~~~~
                                %u
../src/core_main.c:288:34: warning: format '%lu' expects argument of type 'long unsigned int', but argument 2 has type 'unsigned int' [-Wformat=]
  ee_printf("Total ticks      : %lu\n",(ee_u32)total_time);
                                ~~^    ~~~~~~~~~~~~~~~~~~
                                %u
../src/core_main.c:303:34: warning: format '%lu' expects argument of type 'long unsigned int', but argument 2 has type 'unsigned int' [-Wformat=]
  ee_printf("Iterations       : %lu\n",(ee_u32)default_num_contexts*results[0].iterations);
                                ~~^    ~~~~~~~~~~~~~~~~~~~~~~~~~~~~~~~~~~~~~~~~~~~~~~~~~~
                                %u
Finished building: ../src/core_main.c
 
Building file: ../src/core_matrix.c
Invoking: ARM v7 gcc compiler
arm-none-eabi-gcc -DITERATIONS=200000 -DPERFORMANCE_RUN=1 -DCOMPILER_FLAGS=\"-O3\" -Wall -O3 -g3 -c -fmessage-length=0 -MT"src/core_matrix.o" -mcpu=cortex-a9 -mfpu=vfpv3 -mfloat-abi=hard -I../../CoreMark_bsp/ps7_cortexa9_0/include -MMD -MP -MF"src/core_matrix.d" -MT"src/core_matrix.o" -o "src/core_matrix.o" "../src/core_matrix.c"
Finished building: ../src/core_matrix.c
 
Building file: ../src/core_state.c
Invoking: ARM v7 gcc compiler
arm-none-eabi-gcc -DITERATIONS=200000 -DPERFORMANCE_RUN=1 -DCOMPILER_FLAGS=\"-O3\" -Wall -O3 -g3 -c -fmessage-length=0 -MT"src/core_state.o" -mcpu=cortex-a9 -mfpu=vfpv3 -mfloat-abi=hard -I../../CoreMark_bsp/ps7_cortexa9_0/include -MMD -MP -MF"src/core_state.d" -MT"src/core_state.o" -o "src/core_state.o" "../src/core_state.c"
Finished building: ../src/core_state.c
 
Building file: ../src/core_util.c
Invoking: ARM v7 gcc compiler
arm-none-eabi-gcc -DITERATIONS=200000 -DPERFORMANCE_RUN=1 -DCOMPILER_FLAGS=\"-O3\" -Wall -O3 -g3 -c -fmessage-length=0 -MT"src/core_util.o" -mcpu=cortex-a9 -mfpu=vfpv3 -mfloat-abi=hard -I../../CoreMark_bsp/ps7_cortexa9_0/include -MMD -MP -MF"src/core_util.d" -MT"src/core_util.o" -o "src/core_util.o" "../src/core_util.c"
Finished building: ../src/core_util.c
 
Building file: ../src/test.c
Invoking: ARM v7 gcc compiler
arm-none-eabi-gcc -DITERATIONS=200000 -DPERFORMANCE_RUN=1 -DCOMPILER_FLAGS=\"-O3\" -Wall -O3 -g3 -c -fmessage-length=0 -MT"src/test.o" -mcpu=cortex-a9 -mfpu=vfpv3 -mfloat-abi=hard -I../../CoreMark_bsp/ps7_cortexa9_0/include -MMD -MP -MF"src/test.d" -MT"src/test.o" -o "src/test.o" "../src/test.c"
../src/test.c: In function 'main':
../src/test.c:20:2: warning: implicit declaration of function 'start_timer'; did you mean 'start_time'? [-Wimplicit-function-declaration]
  start_timer();
  ^~~~~~~~~~~
  start_time
../src/test.c:43:2: warning: implicit declaration of function 'stop_timer'; did you mean 'stop_time'? [-Wimplicit-function-declaration]
  stop_timer();
  ^~~~~~~~~~
  stop_time
../src/test.c:44:16: warning: implicit declaration of function 'read_timer'; did you mean 'get_time'? [-Wimplicit-function-declaration]
  time_result = read_timer();
                ^~~~~~~~~~
                get_time
../src/test.c:48:3: warning: implicit declaration of function 'xil_printf'; did you mean 'viprintf'? [-Wimplicit-function-declaration]
   xil_printf("| %d |  |", in_vector[i]);
   ^~~~~~~~~~
   viprintf
Finished building: ../src/test.c
 
Building file: ../src/timer_util.c
Invoking: ARM v7 gcc compiler
arm-none-eabi-gcc -DITERATIONS=200000 -DPERFORMANCE_RUN=1 -DCOMPILER_FLAGS=\"-O3\" -Wall -O3 -g3 -c -fmessage-length=0 -MT"src/timer_util.o" -mcpu=cortex-a9 -mfpu=vfpv3 -mfloat-abi=hard -I../../CoreMark_bsp/ps7_cortexa9_0/include -MMD -MP -MF"src/timer_util.d" -MT"src/timer_util.o" -o "src/timer_util.o" "../src/timer_util.c"
Finished building: ../src/timer_util.c
 
Building target: CoreMark.elf
Invoking: ARM v7 gcc linker
arm-none-eabi-gcc -mcpu=cortex-a9 -mfpu=vfpv3 -mfloat-abi=hard -Wl,-build-id=none -specs=Xilinx.spec -Wl,-T -Wl,../src/lscript.ld -L../../CoreMark_bsp/ps7_cortexa9_0/lib -o "CoreMark.elf"  ./src/code/test.o  ./src/core_list_join.o ./src/core_main.o ./src/core_matrix.o ./src/core_state.o ./src/core_util.o ./src/test.o ./src/timer_util.o   -Wl,--start-group,-lxil,-lgcc,-lc,--end-group
./src/core_main.o: In function `main':
/home/jesterhead1924/Documents/embedded_systems/Labs/vivado-projects/lab2_interrupt/lab2_interrupt.sdk/CoreMark/Debug/../src/core_main.c:93: multiple definition of `main'
./src/code/test.o:/home/jesterhead1924/Documents/embedded_systems/Labs/vivado-projects/lab2_interrupt/lab2_interrupt.sdk/CoreMark/Debug/../src/code/test.c:8: first defined here
./src/test.o: In function `main':
/home/jesterhead1924/Documents/embedded_systems/Labs/vivado-projects/lab2_interrupt/lab2_interrupt.sdk/CoreMark/Debug/../src/test.c:8: multiple definition of `main'
./src/code/test.o:/home/jesterhead1924/Documents/embedded_systems/Labs/vivado-projects/lab2_interrupt/lab2_interrupt.sdk/CoreMark/Debug/../src/code/test.c:8: first defined here
./src/code/test.o: In function `main':
/home/jesterhead1924/Documents/embedded_systems/Labs/vivado-projects/lab2_interrupt/lab2_interrupt.sdk/CoreMark/Debug/../src/code/test.c:20: undefined reference to `start_timer'
/home/jesterhead1924/Documents/embedded_systems/Labs/vivado-projects/lab2_interrupt/lab2_interrupt.sdk/CoreMark/Debug/../src/code/test.c:43: undefined reference to `stop_timer'
/home/jesterhead1924/Documents/embedded_systems/Labs/vivado-projects/lab2_interrupt/lab2_interrupt.sdk/CoreMark/Debug/../src/code/test.c:44: undefined reference to `read_timer'
./src/test.o: In function `main':
/home/jesterhead1924/Documents/embedded_systems/Labs/vivado-projects/lab2_interrupt/lab2_interrupt.sdk/CoreMark/Debug/../src/test.c:20: undefined reference to `start_timer'
/home/jesterhead1924/Documents/embedded_systems/Labs/vivado-projects/lab2_interrupt/lab2_interrupt.sdk/CoreMark/Debug/../src/test.c:43: undefined reference to `stop_timer'
/home/jesterhead1924/Documents/embedded_systems/Labs/vivado-projects/lab2_interrupt/lab2_interrupt.sdk/CoreMark/Debug/../src/test.c:44: undefined reference to `read_timer'
/home/jesterhead1924/Documents/Xilinx/Vivado_Directories/SDK/2018.3/gnu/aarch32/lin/gcc-arm-none-eabi/bin/../arm-none-eabi/libc/usr/lib/v7-a/fpv3/hard/libc.a(lib_a-gettimeofdayr.o): In function `_gettimeofday_r':
gettimeofdayr.c:(.text+0x24): undefined reference to `_gettimeofday'
collect2: error: ld returned 1 exit status
make: *** [makefile:42: CoreMark.elf] Error 1

20:46:29 Build Finished (took 1s.364ms)

