10:34:15 **** Auto Build of configuration Debug for project lab2_interrupt ****
make pre-build main-build 
a9-linaro-pre-build-step
 
Building file: ../src/lab2_interrupt.c
Invoking: ARM v7 gcc compiler
arm-none-eabi-gcc -Wall -O0 -g3 -c -fmessage-length=0 -MT"src/lab2_interrupt.o" -mcpu=cortex-a9 -mfpu=vfpv3 -mfloat-abi=hard -I../../lab2_interrupt_bsp/ps7_cortexa9_0/include -MMD -MP -MF"src/lab2_interrupt.d" -MT"src/lab2_interrupt.o" -o "src/lab2_interrupt.o" "../src/lab2_interrupt.c"
../src/lab2_interrupt.c: In function 'IntcInitFunction':
../src/lab2_interrupt.c:10:32: error: 'XPAR_FABRIC_BTNS_5BIT_IP2INTC_IRPT_INTR' undeclared (first use in this function)
 #define INTC_GPIO_INTERRUPT_ID XPAR_FABRIC_BTNS_5BIT_IP2INTC_IRPT_INTR
                                ^
../src/lab2_interrupt.c:10:32: note: in definition of macro 'INTC_GPIO_INTERRUPT_ID'
 #define INTC_GPIO_INTERRUPT_ID XPAR_FABRIC_BTNS_5BIT_IP2INTC_IRPT_INTR
                                ^~~~~~~~~~~~~~~~~~~~~~~~~~~~~~~~~~~~~~~
../src/lab2_interrupt.c:10:32: note: each undeclared identifier is reported only once for each function it appears in
 #define INTC_GPIO_INTERRUPT_ID XPAR_FABRIC_BTNS_5BIT_IP2INTC_IRPT_INTR
                                ^
../src/lab2_interrupt.c:10:32: note: in definition of macro 'INTC_GPIO_INTERRUPT_ID'
 #define INTC_GPIO_INTERRUPT_ID XPAR_FABRIC_BTNS_5BIT_IP2INTC_IRPT_INTR
                                ^~~~~~~~~~~~~~~~~~~~~~~~~~~~~~~~~~~~~~~
make: *** [src/subdir.mk:23: src/lab2_interrupt.o] Error 1

10:34:15 Build Finished (took 112ms)

