14:15:28 INFO  : Registering command handlers for SDK TCF services
14:15:31 INFO  : Launching XSCT server: xsct -n -interactive /home/jesterhead1924/Documents/embedded_systems/Labs/vivado-projects/lab2_simple_arm/lab2_simple_arm.sdk/temp_xsdb_launch_script.tcl
14:15:35 INFO  : XSCT server has started successfully.
14:15:36 INFO  : Successfully done setting XSCT server connection channel  
14:15:36 INFO  : Successfully done setting SDK workspace  
14:15:37 INFO  : Processing command line option -hwspec /home/jesterhead1924/Documents/embedded_systems/Labs/vivado-projects/lab2_simple_arm/lab2_simple_arm.sdk/arm_wrapper.hdf.
14:53:33 INFO  : Connected to target on host '127.0.0.1' and port '3121'.
14:53:33 INFO  : 'targets -set -filter {jtag_cable_name =~ "Digilent Zed 210248650715" && level==0} -index 1' command is executed.
14:53:36 INFO  : FPGA configured successfully with bitstream "/home/jesterhead1924/Documents/embedded_systems/Labs/vivado-projects/lab2_simple_arm/lab2_simple_arm.sdk/arm_wrapper_hw_platform_0/arm_wrapper.bit"
14:54:18 INFO  : 'targets -set -filter {jtag_cable_name =~ "Digilent Zed 210248650715" && level==0} -index 1' command is executed.
14:54:18 INFO  : 'fpga -state' command is executed.
14:54:18 INFO  : Connected to target on host '127.0.0.1' and port '3121'.
14:54:18 INFO  : Jtag cable 'Digilent Zed 210248650715' is selected.
14:54:18 INFO  : 'jtag frequency' command is executed.
14:54:18 INFO  : Sourcing of '/home/jesterhead1924/Documents/embedded_systems/Labs/vivado-projects/lab2_simple_arm/lab2_simple_arm.sdk/arm_wrapper_hw_platform_0/ps7_init.tcl' is done.
14:54:18 INFO  : Context for 'APU' is selected.
14:54:19 INFO  : Hardware design information is loaded from '/home/jesterhead1924/Documents/embedded_systems/Labs/vivado-projects/lab2_simple_arm/lab2_simple_arm.sdk/arm_wrapper_hw_platform_0/system.hdf'.
14:54:19 INFO  : 'configparams force-mem-access 1' command is executed.
14:54:19 INFO  : Context for 'APU' is selected.
14:54:19 INFO  : 'stop' command is executed.
14:54:19 INFO  : 'ps7_init' command is executed.
14:54:19 INFO  : 'ps7_post_config' command is executed.
14:54:19 INFO  : Context for processor 'ps7_cortexa9_0' is selected.
14:54:19 INFO  : Processor reset is completed for 'ps7_cortexa9_0'.
14:54:19 INFO  : Context for processor 'ps7_cortexa9_0' is selected.
14:54:19 INFO  : The application '/home/jesterhead1924/Documents/embedded_systems/Labs/vivado-projects/lab2_simple_arm/lab2_simple_arm.sdk/lab2_simple_v2/Debug/lab2_simple_v2.elf' is downloaded to processor 'ps7_cortexa9_0'.
14:54:19 INFO  : 'configparams force-mem-access 0' command is executed.
14:54:19 INFO  : ----------------XSDB Script----------------
connect -url tcp:127.0.0.1:3121
source /home/jesterhead1924/Documents/embedded_systems/Labs/vivado-projects/lab2_simple_arm/lab2_simple_arm.sdk/arm_wrapper_hw_platform_0/ps7_init.tcl
targets -set -nocase -filter {name =~"APU*" && jtag_cable_name =~ "Digilent Zed 210248650715"} -index 0
loadhw -hw /home/jesterhead1924/Documents/embedded_systems/Labs/vivado-projects/lab2_simple_arm/lab2_simple_arm.sdk/arm_wrapper_hw_platform_0/system.hdf -mem-ranges [list {0x40000000 0xbfffffff}]
configparams force-mem-access 1
targets -set -nocase -filter {name =~"APU*" && jtag_cable_name =~ "Digilent Zed 210248650715"} -index 0
stop
ps7_init
ps7_post_config
targets -set -nocase -filter {name =~ "ARM*#0" && jtag_cable_name =~ "Digilent Zed 210248650715"} -index 0
rst -processor
targets -set -nocase -filter {name =~ "ARM*#0" && jtag_cable_name =~ "Digilent Zed 210248650715"} -index 0
dow /home/jesterhead1924/Documents/embedded_systems/Labs/vivado-projects/lab2_simple_arm/lab2_simple_arm.sdk/lab2_simple_v2/Debug/lab2_simple_v2.elf
configparams force-mem-access 0
----------------End of Script----------------

14:54:19 INFO  : Memory regions updated for context APU
14:54:19 INFO  : Context for processor 'ps7_cortexa9_0' is selected.
14:54:19 INFO  : 'con' command is executed.
14:54:19 INFO  : ----------------XSDB Script (After Launch)----------------
targets -set -nocase -filter {name =~ "ARM*#0" && jtag_cable_name =~ "Digilent Zed 210248650715"} -index 0
con
----------------End of Script----------------

14:54:19 INFO  : Launch script is exported to file '/home/jesterhead1924/Documents/embedded_systems/Labs/vivado-projects/lab2_simple_arm/lab2_simple_arm.sdk/.sdk/launch_scripts/xilinx_c-c++_application_(system_debugger)/system_debugger_using_debug_lab2_simple_v2.elf_on_local.tcl'
15:06:04 INFO  : Connected to target on host '127.0.0.1' and port '3121'.
15:06:04 INFO  : 'targets -set -filter {jtag_cable_name =~ "Digilent Zed 210248650715" && level==0} -index 1' command is executed.
15:06:07 INFO  : FPGA configured successfully with bitstream "/home/jesterhead1924/Documents/embedded_systems/Labs/vivado-projects/lab2_simple_arm/lab2_simple_arm.sdk/arm_wrapper_hw_platform_0/arm_wrapper.bit"
15:06:33 INFO  : Disconnected from the channel tcfchan#1.
15:06:34 INFO  : 'targets -set -filter {jtag_cable_name =~ "Digilent Zed 210248650715" && level==0} -index 1' command is executed.
15:06:34 INFO  : 'fpga -state' command is executed.
15:06:34 INFO  : Connected to target on host '127.0.0.1' and port '3121'.
15:06:34 INFO  : Jtag cable 'Digilent Zed 210248650715' is selected.
15:06:34 INFO  : 'jtag frequency' command is executed.
15:06:34 INFO  : Sourcing of '/home/jesterhead1924/Documents/embedded_systems/Labs/vivado-projects/lab2_simple_arm/lab2_simple_arm.sdk/arm_wrapper_hw_platform_0/ps7_init.tcl' is done.
15:06:34 INFO  : Context for 'APU' is selected.
15:06:35 INFO  : Hardware design information is loaded from '/home/jesterhead1924/Documents/embedded_systems/Labs/vivado-projects/lab2_simple_arm/lab2_simple_arm.sdk/arm_wrapper_hw_platform_0/system.hdf'.
15:06:35 INFO  : 'configparams force-mem-access 1' command is executed.
15:06:35 INFO  : Context for 'APU' is selected.
15:06:35 INFO  : 'stop' command is executed.
15:06:35 INFO  : 'ps7_init' command is executed.
15:06:35 INFO  : 'ps7_post_config' command is executed.
15:06:35 INFO  : Context for processor 'ps7_cortexa9_0' is selected.
15:06:35 INFO  : Processor reset is completed for 'ps7_cortexa9_0'.
15:06:35 INFO  : Context for processor 'ps7_cortexa9_0' is selected.
15:06:36 INFO  : The application '/home/jesterhead1924/Documents/embedded_systems/Labs/vivado-projects/lab2_simple_arm/lab2_simple_arm.sdk/lab2_simple_v2/Debug/lab2_simple_v2.elf' is downloaded to processor 'ps7_cortexa9_0'.
15:06:36 INFO  : 'configparams force-mem-access 0' command is executed.
15:06:36 INFO  : ----------------XSDB Script----------------
connect -url tcp:127.0.0.1:3121
source /home/jesterhead1924/Documents/embedded_systems/Labs/vivado-projects/lab2_simple_arm/lab2_simple_arm.sdk/arm_wrapper_hw_platform_0/ps7_init.tcl
targets -set -nocase -filter {name =~"APU*" && jtag_cable_name =~ "Digilent Zed 210248650715"} -index 0
loadhw -hw /home/jesterhead1924/Documents/embedded_systems/Labs/vivado-projects/lab2_simple_arm/lab2_simple_arm.sdk/arm_wrapper_hw_platform_0/system.hdf -mem-ranges [list {0x40000000 0xbfffffff}]
configparams force-mem-access 1
targets -set -nocase -filter {name =~"APU*" && jtag_cable_name =~ "Digilent Zed 210248650715"} -index 0
stop
ps7_init
ps7_post_config
targets -set -nocase -filter {name =~ "ARM*#0" && jtag_cable_name =~ "Digilent Zed 210248650715"} -index 0
rst -processor
targets -set -nocase -filter {name =~ "ARM*#0" && jtag_cable_name =~ "Digilent Zed 210248650715"} -index 0
dow /home/jesterhead1924/Documents/embedded_systems/Labs/vivado-projects/lab2_simple_arm/lab2_simple_arm.sdk/lab2_simple_v2/Debug/lab2_simple_v2.elf
configparams force-mem-access 0
----------------End of Script----------------

15:06:36 INFO  : Memory regions updated for context APU
15:06:36 INFO  : Context for processor 'ps7_cortexa9_0' is selected.
15:06:36 INFO  : 'con' command is executed.
15:06:36 INFO  : ----------------XSDB Script (After Launch)----------------
targets -set -nocase -filter {name =~ "ARM*#0" && jtag_cable_name =~ "Digilent Zed 210248650715"} -index 0
con
----------------End of Script----------------

15:06:36 INFO  : Launch script is exported to file '/home/jesterhead1924/Documents/embedded_systems/Labs/vivado-projects/lab2_simple_arm/lab2_simple_arm.sdk/.sdk/launch_scripts/xilinx_c-c++_application_(system_debugger)/system_debugger_using_debug_lab2_simple_v2.elf_on_local.tcl'
15:39:42 INFO  : Disconnected from the channel tcfchan#2.
