Copyright 1986-2018 Xilinx, Inc. All Rights Reserved.
----------------------------------------------------------------------------------------
| Tool Version : Vivado v.2018.3 (lin64) Build 2405991 Thu Dec  6 23:36:41 MST 2018
| Date         : Thu Mar 28 20:53:04 2019
| Host         : localhost.localdomain running 64-bit Fedora release 29 (Twenty Nine)
| Command      : report_control_sets -verbose -file arm_wrapper_control_sets_placed.rpt
| Design       : arm_wrapper
| Device       : xc7z020
----------------------------------------------------------------------------------------

Control Set Information

Table of Contents
-----------------
1. Summary
2. Histogram
3. Flip-Flop Distribution
4. Detailed Control Set Information

1. Summary
----------

+----------------------------------------------------------+-------+
|                          Status                          | Count |
+----------------------------------------------------------+-------+
| Number of unique control sets                            |    66 |
| Unused register locations in slices containing registers |   150 |
+----------------------------------------------------------+-------+


2. Histogram
------------

+--------+--------------+
| Fanout | Control Sets |
+--------+--------------+
|      1 |            1 |
|      2 |            1 |
|      4 |           10 |
|      5 |            5 |
|      6 |            2 |
|      8 |           16 |
|      9 |            1 |
|     10 |            2 |
|     12 |            4 |
|     13 |            2 |
|     14 |            2 |
|     15 |            1 |
|    16+ |           19 |
+--------+--------------+


3. Flip-Flop Distribution
-------------------------

+--------------+-----------------------+------------------------+-----------------+--------------+
| Clock Enable | Synchronous Set/Reset | Asynchronous Set/Reset | Total Registers | Total Slices |
+--------------+-----------------------+------------------------+-----------------+--------------+
| No           | No                    | No                     |             222 |           79 |
| No           | No                    | Yes                    |              34 |            9 |
| No           | Yes                   | No                     |             111 |           43 |
| Yes          | No                    | No                     |             458 |          113 |
| Yes          | No                    | Yes                    |              54 |           19 |
| Yes          | Yes                   | No                     |             227 |           53 |
+--------------+-----------------------+------------------------+-----------------+--------------+


4. Detailed Control Set Information
-----------------------------------

+---------------------------------------------------------------------------------------------------------------------------+-----------------------------------------------------------------------------------------------------------------------------------------------------------+--------------------------------------------------------------------------------------------------------------------------------------------------+------------------+----------------+
|                                                        Clock Signal                                                       |                                                                       Enable Signal                                                                       |                                                                 Set/Reset Signal                                                                 | Slice Load Count | Bel Load Count |
+---------------------------------------------------------------------------------------------------------------------------+-----------------------------------------------------------------------------------------------------------------------------------------------------------+--------------------------------------------------------------------------------------------------------------------------------------------------+------------------+----------------+
|  arm_i/processing_system7_0/inst/FCLK_CLK0                                                                                | arm_i/ps7_0_axi_periph/s00_couplers/auto_pc/inst/gen_axilite.gen_b2s_conv.axilite_b2s/WR.aw_channel_0/aw_cmd_fsm_0/m_axi_awready_1                        | arm_i/ps7_0_axi_periph/s00_couplers/auto_pc/inst/gen_axilite.gen_b2s_conv.axilite_b2s/WR.aw_channel_0/aw_cmd_fsm_0/m_axi_awready_0               |                1 |              1 |
|  arm_i/processing_system7_0/inst/FCLK_CLK0                                                                                | arm_i/ps7_0_axi_periph/s00_couplers/auto_pc/inst/gen_axilite.gen_b2s_conv.axilite_b2s/WR.b_channel_0/bid_fifo_0/sel                                       |                                                                                                                                                  |                1 |              2 |
|  arm_i/processing_system7_0/inst/FCLK_CLK0                                                                                |                                                                                                                                                           | arm_i/ps7_0_axi_periph/s00_couplers/auto_pc/inst/gen_axilite.gen_b2s_conv.axilite_b2s/SI_REG/aw.aw_pipe/aresetn_d_reg[0]_0                       |                2 |              4 |
|  arm_i/processing_system7_0/inst/FCLK_CLK0                                                                                | arm_i/sw_8bit/U0/AXI_LITE_IPIF_I/I_SLAVE_ATTACHMENT/start2                                                                                                | arm_i/sw_8bit/U0/AXI_LITE_IPIF_I/I_SLAVE_ATTACHMENT/I_DECODER/cs_ce_clr                                                                          |                2 |              4 |
|  arm_i/processing_system7_0/inst/FCLK_CLK0                                                                                | arm_i/btns_5bit/U0/AXI_LITE_IPIF_I/I_SLAVE_ATTACHMENT/bus2ip_addr_i[8]_i_1_n_0                                                                            | arm_i/btns_5bit/U0/AXI_LITE_IPIF_I/I_SLAVE_ATTACHMENT/SR[0]                                                                                      |                1 |              4 |
|  arm_i/processing_system7_0/inst/FCLK_CLK0                                                                                | arm_i/sw_8bit/U0/AXI_LITE_IPIF_I/I_SLAVE_ATTACHMENT/bus2ip_addr_i[8]_i_1_n_0                                                                              | arm_i/sw_8bit/U0/AXI_LITE_IPIF_I/I_SLAVE_ATTACHMENT/SR[0]                                                                                        |                1 |              4 |
|  arm_i/processing_system7_0/inst/FCLK_CLK0                                                                                | arm_i/btns_5bit/U0/AXI_LITE_IPIF_I/I_SLAVE_ATTACHMENT/start2                                                                                              | arm_i/btns_5bit/U0/AXI_LITE_IPIF_I/I_SLAVE_ATTACHMENT/I_DECODER/cs_ce_clr                                                                        |                2 |              4 |
|  arm_i/processing_system7_0/inst/FCLK_CLK0                                                                                | arm_i/gray_counter_ip/inst/gray_counter_ip_v1_0_S_AXI_inst/axi_awready0                                                                                   | arm_i/gray_counter_ip/inst/gray_counter_ip_v1_0_S_AXI_inst/axi_awready_i_1_n_0                                                                   |                1 |              4 |
|  arm_i/processing_system7_0/inst/FCLK_CLK0                                                                                |                                                                                                                                                           | arm_i/ps7_0_axi_periph/s00_couplers/auto_pc/inst/gen_axilite.gen_b2s_conv.axilite_b2s/SI_REG/ar.ar_pipe/aresetn_d_reg[1]_inv_0                   |                3 |              4 |
|  arm_i/processing_system7_0/inst/FCLK_CLK0                                                                                |                                                                                                                                                           | arm_i/rst_ps7_0_100M/U0/EXT_LPF/lpf_int                                                                                                          |                1 |              4 |
|  arm_i/processing_system7_0/inst/FCLK_CLK0                                                                                |                                                                                                                                                           | arm_i/btns_5bit/U0/AXI_LITE_IPIF_I/I_SLAVE_ATTACHMENT/clear                                                                                      |                1 |              4 |
|  arm_i/processing_system7_0/inst/FCLK_CLK0                                                                                |                                                                                                                                                           | arm_i/sw_8bit/U0/AXI_LITE_IPIF_I/I_SLAVE_ATTACHMENT/clear                                                                                        |                1 |              4 |
|  arm_i/processing_system7_0/inst/FCLK_CLK0                                                                                | arm_i/ps7_0_axi_periph/s00_couplers/auto_pc/inst/gen_axilite.gen_b2s_conv.axilite_b2s/RD.r_channel_0/rd_data_fifo_0/E[0]                                  | arm_i/ps7_0_axi_periph/s00_couplers/auto_pc/inst/gen_axilite.gen_b2s_conv.axilite_b2s/areset_d1                                                  |                2 |              5 |
|  arm_i/processing_system7_0/inst/FCLK_CLK0                                                                                | arm_i/ps7_0_axi_periph/s00_couplers/auto_pc/inst/gen_axilite.gen_b2s_conv.axilite_b2s/RD.r_channel_0/rd_data_fifo_0/cnt_read[4]_i_1_n_0                   | arm_i/ps7_0_axi_periph/s00_couplers/auto_pc/inst/gen_axilite.gen_b2s_conv.axilite_b2s/areset_d1                                                  |                2 |              5 |
|  arm_i/processing_system7_0/inst/FCLK_CLK0                                                                                | arm_i/ps7_0_axi_periph/s00_couplers/auto_pc/inst/gen_axilite.gen_b2s_conv.axilite_b2s/RD.ar_channel_0/ar_cmd_fsm_0/m_valid_i_reg                          | arm_i/ps7_0_axi_periph/s00_couplers/auto_pc/inst/gen_axilite.gen_b2s_conv.axilite_b2s/RD.ar_channel_0/ar_cmd_fsm_0/FSM_sequential_state_reg[0]_0 |                2 |              5 |
|  arm_i/processing_system7_0/inst/FCLK_CLK0                                                                                |                                                                                                                                                           | arm_i/btns_5bit/U0/AXI_LITE_IPIF_I/I_SLAVE_ATTACHMENT/I_DECODER/bus2ip_rnw_i_reg_0                                                               |                2 |              5 |
|  arm_i/processing_system7_0/inst/FCLK_CLK0                                                                                | arm_i/btns_5bit/U0/AXI_LITE_IPIF_I/I_SLAVE_ATTACHMENT/I_DECODER/bus2ip_rnw_i_reg[0]                                                                       | arm_i/btns_5bit/U0/AXI_LITE_IPIF_I/I_SLAVE_ATTACHMENT/SR[0]                                                                                      |                1 |              5 |
|  arm_i/processing_system7_0/inst/FCLK_CLK0                                                                                | arm_i/btns_5bit/U0/AXI_LITE_IPIF_I/I_SLAVE_ATTACHMENT/s_axi_rresp_i                                                                                       | arm_i/btns_5bit/U0/AXI_LITE_IPIF_I/I_SLAVE_ATTACHMENT/SR[0]                                                                                      |                1 |              6 |
|  arm_i/processing_system7_0/inst/FCLK_CLK0                                                                                | arm_i/rst_ps7_0_100M/U0/SEQ/seq_cnt_en                                                                                                                    | arm_i/rst_ps7_0_100M/U0/SEQ/SEQ_COUNTER/clear                                                                                                    |                1 |              6 |
|  arm_i/processing_system7_0/inst/FCLK_CLK0                                                                                | arm_i/gray_counter_ip/inst/gray_counter_ip_v1_0_S_AXI_inst/slv_reg3[15]_i_1_n_0                                                                           | arm_i/gray_counter_ip/inst/gray_counter_ip_v1_0_S_AXI_inst/axi_awready_i_1_n_0                                                                   |                1 |              8 |
|  arm_i/processing_system7_0/inst/FCLK_CLK0                                                                                | arm_i/gray_counter_ip/inst/gray_counter_ip_v1_0_S_AXI_inst/slv_reg2[31]_i_1_n_0                                                                           | arm_i/gray_counter_ip/inst/gray_counter_ip_v1_0_S_AXI_inst/axi_awready_i_1_n_0                                                                   |                1 |              8 |
|  arm_i/processing_system7_0/inst/FCLK_CLK0                                                                                | arm_i/gray_counter_ip/inst/gray_counter_ip_v1_0_S_AXI_inst/slv_reg1[7]_i_1_n_0                                                                            | arm_i/gray_counter_ip/inst/gray_counter_ip_v1_0_S_AXI_inst/axi_awready_i_1_n_0                                                                   |                1 |              8 |
|  arm_i/processing_system7_0/inst/FCLK_CLK0                                                                                | arm_i/gray_counter_ip/inst/gray_counter_ip_v1_0_S_AXI_inst/slv_reg2[7]_i_1_n_0                                                                            | arm_i/gray_counter_ip/inst/gray_counter_ip_v1_0_S_AXI_inst/axi_awready_i_1_n_0                                                                   |                1 |              8 |
|  arm_i/processing_system7_0/inst/FCLK_CLK0                                                                                | arm_i/gray_counter_ip/inst/gray_counter_ip_v1_0_S_AXI_inst/slv_reg2[15]_i_1_n_0                                                                           | arm_i/gray_counter_ip/inst/gray_counter_ip_v1_0_S_AXI_inst/axi_awready_i_1_n_0                                                                   |                1 |              8 |
|  arm_i/processing_system7_0/inst/FCLK_CLK0                                                                                | arm_i/gray_counter_ip/inst/gray_counter_ip_v1_0_S_AXI_inst/slv_reg1[31]_i_1_n_0                                                                           | arm_i/gray_counter_ip/inst/gray_counter_ip_v1_0_S_AXI_inst/axi_awready_i_1_n_0                                                                   |                1 |              8 |
|  arm_i/processing_system7_0/inst/FCLK_CLK0                                                                                | arm_i/gray_counter_ip/inst/gray_counter_ip_v1_0_S_AXI_inst/slv_reg1[23]_i_1_n_0                                                                           | arm_i/gray_counter_ip/inst/gray_counter_ip_v1_0_S_AXI_inst/axi_awready_i_1_n_0                                                                   |                1 |              8 |
|  arm_i/processing_system7_0/inst/FCLK_CLK0                                                                                | arm_i/gray_counter_ip/inst/gray_counter_ip_v1_0_S_AXI_inst/slv_reg1[15]_i_1_n_0                                                                           | arm_i/gray_counter_ip/inst/gray_counter_ip_v1_0_S_AXI_inst/axi_awready_i_1_n_0                                                                   |                1 |              8 |
|  arm_i/processing_system7_0/inst/FCLK_CLK0                                                                                | arm_i/ps7_0_axi_periph/s00_couplers/auto_pc/inst/gen_axilite.gen_b2s_conv.axilite_b2s/WR.b_channel_0/mhandshake_r                                         | arm_i/ps7_0_axi_periph/s00_couplers/auto_pc/inst/gen_axilite.gen_b2s_conv.axilite_b2s/WR.b_channel_0/bid_fifo_0/SR[0]                            |                2 |              8 |
|  arm_i/gray_counter_ip/inst/gray_counter_ip_v1_0_S_AXI_inst/nolabel_line420/DigitLEDdriver_INST/Digit_chooserINSTANCE/CLK |                                                                                                                                                           |                                                                                                                                                  |                2 |              8 |
|  arm_i/processing_system7_0/inst/FCLK_CLK0                                                                                | arm_i/gray_counter_ip/inst/gray_counter_ip_v1_0_S_AXI_inst/slv_reg3[7]_i_1_n_0                                                                            | arm_i/gray_counter_ip/inst/gray_counter_ip_v1_0_S_AXI_inst/axi_awready_i_1_n_0                                                                   |                2 |              8 |
|  arm_i/processing_system7_0/inst/FCLK_CLK0                                                                                |                                                                                                                                                           | arm_i/sw_8bit/U0/AXI_LITE_IPIF_I/I_SLAVE_ATTACHMENT/I_DECODER/bus2ip_rnw_i_reg_0                                                                 |                2 |              8 |
|  arm_i/processing_system7_0/inst/FCLK_CLK0                                                                                | arm_i/sw_8bit/U0/AXI_LITE_IPIF_I/I_SLAVE_ATTACHMENT/I_DECODER/bus2ip_rnw_i_reg[0]                                                                         | arm_i/sw_8bit/U0/AXI_LITE_IPIF_I/I_SLAVE_ATTACHMENT/SR[0]                                                                                        |                2 |              8 |
|  arm_i/processing_system7_0/inst/FCLK_CLK0                                                                                | arm_i/gray_counter_ip/inst/gray_counter_ip_v1_0_S_AXI_inst/slv_reg3[31]_i_1_n_0                                                                           | arm_i/gray_counter_ip/inst/gray_counter_ip_v1_0_S_AXI_inst/axi_awready_i_1_n_0                                                                   |                1 |              8 |
|  arm_i/processing_system7_0/inst/FCLK_CLK0                                                                                | arm_i/gray_counter_ip/inst/gray_counter_ip_v1_0_S_AXI_inst/slv_reg2[23]_i_1_n_0                                                                           | arm_i/gray_counter_ip/inst/gray_counter_ip_v1_0_S_AXI_inst/axi_awready_i_1_n_0                                                                   |                1 |              8 |
|  arm_i/processing_system7_0/inst/FCLK_CLK0                                                                                | arm_i/gray_counter_ip/inst/gray_counter_ip_v1_0_S_AXI_inst/slv_reg3[23]_i_1_n_0                                                                           | arm_i/gray_counter_ip/inst/gray_counter_ip_v1_0_S_AXI_inst/axi_awready_i_1_n_0                                                                   |                1 |              8 |
|  arm_i/processing_system7_0/inst/FCLK_CLK0                                                                                | arm_i/sw_8bit/U0/AXI_LITE_IPIF_I/I_SLAVE_ATTACHMENT/s_axi_rresp_i                                                                                         | arm_i/sw_8bit/U0/AXI_LITE_IPIF_I/I_SLAVE_ATTACHMENT/SR[0]                                                                                        |                2 |              9 |
|  arm_i/processing_system7_0/inst/FCLK_CLK0                                                                                |                                                                                                                                                           | arm_i/gray_counter_ip/inst/gray_counter_ip_v1_0_S_AXI_inst/axi_awready_i_1_n_0                                                                   |                6 |             10 |
|  arm_i/processing_system7_0/inst/FCLK_CLK0                                                                                |                                                                                                                                                           | arm_i/ps7_0_axi_periph/s00_couplers/auto_pc/inst/gen_axilite.gen_b2s_conv.axilite_b2s/areset_d1                                                  |                6 |             10 |
|  arm_i/processing_system7_0/inst/FCLK_CLK0                                                                                | arm_i/ps7_0_axi_periph/s00_couplers/auto_pc/inst/gen_axilite.gen_b2s_conv.axilite_b2s/WR.aw_channel_0/aw_cmd_fsm_0/E[0]                                   |                                                                                                                                                  |                4 |             12 |
|  arm_i/processing_system7_0/inst/FCLK_CLK0                                                                                | arm_i/ps7_0_axi_periph/s00_couplers/auto_pc/inst/gen_axilite.gen_b2s_conv.axilite_b2s/WR.aw_channel_0/cmd_translator_0/incr_cmd_0/axaddr_incr[11]_i_1_n_0 |                                                                                                                                                  |                2 |             12 |
|  arm_i/processing_system7_0/inst/FCLK_CLK0                                                                                | arm_i/ps7_0_axi_periph/s00_couplers/auto_pc/inst/gen_axilite.gen_b2s_conv.axilite_b2s/RD.ar_channel_0/ar_cmd_fsm_0/sel_first_reg[0]                       |                                                                                                                                                  |                2 |             12 |
|  arm_i/processing_system7_0/inst/FCLK_CLK0                                                                                | arm_i/ps7_0_axi_periph/s00_couplers/auto_pc/inst/gen_axilite.gen_b2s_conv.axilite_b2s/RD.ar_channel_0/ar_cmd_fsm_0/E[0]                                   |                                                                                                                                                  |                4 |             12 |
|  arm_i/processing_system7_0/inst/FCLK_CLK0                                                                                |                                                                                                                                                           | arm_i/ps7_0_axi_periph/xbar/inst/gen_sasd.crossbar_sasd_0/addr_arbiter_inst/SR[0]                                                                |                4 |             13 |
|  arm_i/processing_system7_0/inst/FCLK_CLK0                                                                                | arm_i/ps7_0_axi_periph/s00_couplers/auto_pc/inst/gen_axilite.gen_b2s_conv.axilite_b2s/RD.r_channel_0/r_push_r                                             |                                                                                                                                                  |                5 |             13 |
|  arm_i/processing_system7_0/inst/FCLK_CLK0                                                                                | arm_i/ps7_0_axi_periph/s00_couplers/auto_pc/inst/gen_axilite.gen_b2s_conv.axilite_b2s/SI_REG/b.b_pipe/p_1_in                                              |                                                                                                                                                  |                2 |             14 |
|  arm_i/processing_system7_0/inst/FCLK_CLK0                                                                                | arm_i/ps7_0_axi_periph/s00_couplers/auto_pc/inst/gen_axilite.gen_b2s_conv.axilite_b2s/SI_REG/b.b_pipe/s_ready_i_reg_0                                     |                                                                                                                                                  |                2 |             14 |
|  arm_i/processing_system7_0/inst/FCLK_CLK0                                                                                | arm_i/ps7_0_axi_periph/xbar/inst/gen_sasd.crossbar_sasd_0/reg_slice_r/aa_rready                                                                           |                                                                                                                                                  |                7 |             15 |
|  arm_i/processing_system7_0/inst/FCLK_CLK0                                                                                | arm_i/ps7_0_axi_periph/s00_couplers/auto_pc/inst/gen_axilite.gen_b2s_conv.axilite_b2s/WR.aw_channel_0/aw_cmd_fsm_0/b_push                                 |                                                                                                                                                  |                3 |             16 |
|  arm_i/processing_system7_0/inst/FCLK_CLK0                                                                                | arm_i/ps7_0_axi_periph/s00_couplers/auto_pc/inst/gen_axilite.gen_b2s_conv.axilite_b2s/RD.ar_channel_0/ar_cmd_fsm_0/m_valid_i_reg                          |                                                                                                                                                  |                9 |             21 |
|  arm_i/processing_system7_0/inst/FCLK_CLK0                                                                                | arm_i/ps7_0_axi_periph/xbar/inst/gen_sasd.crossbar_sasd_0/addr_arbiter_inst/p_0_in1_in                                                                    | arm_i/ps7_0_axi_periph/xbar/inst/gen_sasd.crossbar_sasd_0/addr_arbiter_inst/SR[0]                                                                |                7 |             21 |
|  arm_i/processing_system7_0/inst/FCLK_CLK0                                                                                |                                                                                                                                                           | arm_i/btns_5bit/U0/AXI_LITE_IPIF_I/I_SLAVE_ATTACHMENT/SR[0]                                                                                      |                8 |             21 |
|  arm_i/processing_system7_0/inst/FCLK_CLK0                                                                                |                                                                                                                                                           | arm_i/sw_8bit/U0/AXI_LITE_IPIF_I/I_SLAVE_ATTACHMENT/SR[0]                                                                                        |                7 |             24 |
|  arm_i/processing_system7_0/inst/FCLK_CLK0                                                                                | arm_i/ps7_0_axi_periph/s00_couplers/auto_pc/inst/gen_axilite.gen_b2s_conv.axilite_b2s/WR.aw_channel_0/aw_cmd_fsm_0/m_axi_awready_1                        |                                                                                                                                                  |               10 |             25 |
|  arm_i/processing_system7_0/inst/FCLK_CLK0                                                                                | arm_i/gray_counter_ip/inst/gray_counter_ip_v1_0_S_AXI_inst/nolabel_line420/pulser_INST/distance[26]_i_1_n_0                                               | arm_i/gray_counter_ip/inst/gray_counter_ip_v1_0_S_AXI_inst/nolabel_line420/pulser_INST/AR[0]                                                     |               12 |             27 |
|  arm_i/processing_system7_0/inst/FCLK_CLK0                                                                                | arm_i/gray_counter_ip/inst/gray_counter_ip_v1_0_S_AXI_inst/nolabel_line420/signal_posedge_INST/clean_reg_0                                                | arm_i/gray_counter_ip/inst/gray_counter_ip_v1_0_S_AXI_inst/nolabel_line420/pulser_INST/AR[0]                                                     |                7 |             27 |
|  arm_i/processing_system7_0/inst/FCLK_CLK0                                                                                | arm_i/gray_counter_ip/inst/gray_counter_ip_v1_0_S_AXI_inst/slv_reg_rden__0                                                                                | arm_i/gray_counter_ip/inst/gray_counter_ip_v1_0_S_AXI_inst/axi_awready_i_1_n_0                                                                   |               10 |             32 |
|  arm_i/processing_system7_0/inst/FCLK_CLK0                                                                                | arm_i/ps7_0_axi_periph/s00_couplers/auto_pc/inst/gen_axilite.gen_b2s_conv.axilite_b2s/RD.r_channel_0/rd_data_fifo_0/wr_en0                                |                                                                                                                                                  |                9 |             34 |
|  arm_i/processing_system7_0/inst/FCLK_CLK0                                                                                |                                                                                                                                                           | arm_i/gray_counter_ip/inst/gray_counter_ip_v1_0_S_AXI_inst/nolabel_line420/pulser_INST/AR[0]                                                     |                9 |             34 |
|  arm_i/processing_system7_0/inst/FCLK_CLK0                                                                                | arm_i/ps7_0_axi_periph/xbar/inst/gen_sasd.crossbar_sasd_0/addr_arbiter_inst/E[0]                                                                          |                                                                                                                                                  |                8 |             35 |
|  arm_i/processing_system7_0/inst/FCLK_CLK0                                                                                | arm_i/ps7_0_axi_periph/s00_couplers/auto_pc/inst/gen_axilite.gen_b2s_conv.axilite_b2s/SI_REG/r.r_pipe/s_ready_i_reg_0                                     |                                                                                                                                                  |               10 |             47 |
|  arm_i/processing_system7_0/inst/FCLK_CLK0                                                                                | arm_i/ps7_0_axi_periph/s00_couplers/auto_pc/inst/gen_axilite.gen_b2s_conv.axilite_b2s/SI_REG/r.r_pipe/p_1_in                                              |                                                                                                                                                  |               10 |             47 |
|  arm_i/processing_system7_0/inst/FCLK_CLK0                                                                                | arm_i/ps7_0_axi_periph/s00_couplers/auto_pc/inst/gen_axilite.gen_b2s_conv.axilite_b2s/SI_REG/aw.aw_pipe/s_ready_i_reg_0                                   |                                                                                                                                                  |               13 |             48 |
|  arm_i/processing_system7_0/inst/FCLK_CLK0                                                                                | arm_i/ps7_0_axi_periph/s00_couplers/auto_pc/inst/gen_axilite.gen_b2s_conv.axilite_b2s/SI_REG/ar.ar_pipe/s_ready_i_reg_0                                   |                                                                                                                                                  |               10 |             48 |
|  arm_i/processing_system7_0/inst/FCLK_CLK0                                                                                | arm_i/ps7_0_axi_periph/s00_couplers/auto_pc/inst/gen_axilite.gen_b2s_conv.axilite_b2s/WR.aw_channel_0/aw_cmd_fsm_0/m_valid_i_reg[0]                       |                                                                                                                                                  |               11 |             48 |
|  arm_i/processing_system7_0/inst/FCLK_CLK0                                                                                | arm_i/ps7_0_axi_periph/s00_couplers/auto_pc/inst/gen_axilite.gen_b2s_conv.axilite_b2s/RD.ar_channel_0/ar_cmd_fsm_0/FSM_sequential_state_reg[1]_0[0]       |                                                                                                                                                  |                9 |             48 |
|  arm_i/processing_system7_0/inst/FCLK_CLK0                                                                                |                                                                                                                                                           |                                                                                                                                                  |               78 |            215 |
+---------------------------------------------------------------------------------------------------------------------------+-----------------------------------------------------------------------------------------------------------------------------------------------------------+--------------------------------------------------------------------------------------------------------------------------------------------------+------------------+----------------+


